# JRE version: Java(TM) SE Runtime Environment (8.0_261-b12) (build 1.8.0_261-b12)
# Java VM: Java HotSpot(TM) 64-Bit Server VM (25.261-b12 mixed mode windows-amd64 compressed oops)
Heap:
 PSYoungGen      total 327168K, used 304936K [0x000000076c100000, 0x0000000783500000, 0x00000007c0000000)
  eden space 282624K, 94% used [0x000000076c100000,0x000000077c55c7d8,0x000000077d500000)
  from space 44544K, 86% used [0x0000000780880000,0x0000000782ded8c0,0x0000000783400000)
  to   space 49152K, 0% used [0x000000077d500000,0x000000077d500000,0x0000000780500000)
 ParOldGen       total 281088K, used 126701K [0x00000006c4200000, 0x00000006d5480000, 0x000000076c100000)
  object space 281088K, 45% used [0x00000006c4200000,0x00000006cbdbb600,0x00000006d5480000)
 Metaspace       used 74713K, capacity 77096K, committed 77204K, reserved 1116160K
  class space    used 9392K, capacity 9836K, committed 9916K, reserved 1048576K
GC Heap History (10 events):
Event: 28.037 GC heap before
{Heap before GC invocations=13 (full 3):
 PSYoungGen      total 278528K, used 260608K [0x000000076c100000, 0x0000000784a00000, 0x00000007c0000000)
  eden space 260608K, 100% used [0x000000076c100000,0x000000077bf80000,0x000000077bf80000)
  from space 17920K, 0% used [0x000000077bf80000,0x000000077bf80000,0x000000077d100000)
  to   space 20480K, 0% used [0x0000000783600000,0x0000000783600000,0x0000000784a00000)
 ParOldGen       total 281088K, used 62656K [0x00000006c4200000, 0x00000006d5480000, 0x000000076c100000)
  object space 281088K, 22% used [0x00000006c4200000,0x00000006c7f30138,0x00000006d5480000)
 Metaspace       used 67489K, capacity 69490K, committed 69908K, reserved 1110016K
  class space    used 8536K, capacity 8929K, committed 9020K, reserved 1048576K
Event: 28.054 GC heap after
Heap after GC invocations=13 (full 3):
 PSYoungGen      total 337920K, used 19114K [0x000000076c100000, 0x0000000784900000, 0x00000007c0000000)
  eden space 318464K, 0% used [0x000000076c100000,0x000000076c100000,0x000000077f800000)
  from space 19456K, 98% used [0x0000000783600000,0x00000007848aa8a0,0x0000000784900000)
  to   space 23040K, 0% used [0x0000000781c00000,0x0000000781c00000,0x0000000783280000)
 ParOldGen       total 281088K, used 62664K [0x00000006c4200000, 0x00000006d5480000, 0x000000076c100000)
  object space 281088K, 22% used [0x00000006c4200000,0x00000006c7f32138,0x00000006d5480000)
 Metaspace       used 67489K, capacity 69490K, committed 69908K, reserved 1110016K
  class space    used 8536K, capacity 8929K, committed 9020K, reserved 1048576K
}
Event: 3019.840 GC heap before
{Heap before GC invocations=14 (full 3):
 PSYoungGen      total 337920K, used 337578K [0x000000076c100000, 0x0000000784900000, 0x00000007c0000000)
  eden space 318464K, 100% used [0x000000076c100000,0x000000077f800000,0x000000077f800000)
  from space 19456K, 98% used [0x0000000783600000,0x00000007848aa8a0,0x0000000784900000)
  to   space 23040K, 0% used [0x0000000781c00000,0x0000000781c00000,0x0000000783280000)
 ParOldGen       total 281088K, used 62664K [0x00000006c4200000, 0x00000006d5480000, 0x000000076c100000)
  object space 281088K, 22% used [0x00000006c4200000,0x00000006c7f32138,0x00000006d5480000)
 Metaspace       used 73417K, capacity 75650K, committed 75924K, reserved 1116160K
  class space    used 9217K, capacity 9635K, committed 9660K, reserved 1048576K
Event: 3019.857 GC heap after
Heap after GC invocations=14 (full 3):
 PSYoungGen      total 326144K, used 17096K [0x000000076c100000, 0x0000000783680000, 0x00000007c0000000)
  eden space 308736K, 0% used [0x000000076c100000,0x000000076c100000,0x000000077ee80000)
  from space 17408K, 98% used [0x0000000781c00000,0x0000000782cb2150,0x0000000782d00000)
  to   space 9728K, 0% used [0x0000000782d00000,0x0000000782d00000,0x0000000783680000)
 ParOldGen       total 281088K, used 62672K [0x00000006c4200000, 0x00000006d5480000, 0x000000076c100000)
  object space 281088K, 22% used [0x00000006c4200000,0x00000006c7f34138,0x00000006d5480000)
 Metaspace       used 73417K, capacity 75650K, committed 75924K, reserved 1116160K
  class space    used 9217K, capacity 9635K, committed 9660K, reserved 1048576K
}
Event: 5860.874 GC heap before
{Heap before GC invocations=15 (full 3):
 PSYoungGen      total 326144K, used 323934K [0x000000076c100000, 0x0000000783680000, 0x00000007c0000000)
  eden space 308736K, 99% used [0x000000076c100000,0x000000077eca5960,0x000000077ee80000)
  from space 17408K, 98% used [0x0000000781c00000,0x0000000782cb2150,0x0000000782d00000)
  to   space 9728K, 0% used [0x0000000782d00000,0x0000000782d00000,0x0000000783680000)
 ParOldGen       total 281088K, used 62672K [0x00000006c4200000, 0x00000006d5480000, 0x000000076c100000)
  object space 281088K, 22% used [0x00000006c4200000,0x00000006c7f34138,0x00000006d5480000)
 Metaspace       used 74219K, capacity 76528K, committed 76820K, reserved 1116160K
  class space    used 9322K, capacity 9736K, committed 9788K, reserved 1048576K
Event: 5860.895 GC heap after
Heap after GC invocations=15 (full 3):
 PSYoungGen      total 309248K, used 9726K [0x000000076c100000, 0x0000000783980000, 0x00000007c0000000)
  eden space 299520K, 0% used [0x000000076c100000,0x000000076c100000,0x000000077e580000)
  from space 9728K, 99% used [0x0000000782d00000,0x000000078367fa50,0x0000000783680000)
  to   space 43008K, 0% used [0x000000077e580000,0x000000077e580000,0x0000000780f80000)
 ParOldGen       total 281088K, used 119487K [0x00000006c4200000, 0x00000006d5480000, 0x000000076c100000)
  object space 281088K, 42% used [0x00000006c4200000,0x00000006cb6afd10,0x00000006d5480000)
 Metaspace       used 74219K, capacity 76528K, committed 76820K, reserved 1116160K
  class space    used 9322K, capacity 9736K, committed 9788K, reserved 1048576K
}
Event: 8606.700 GC heap before
{Heap before GC invocations=16 (full 3):
 PSYoungGen      total 309248K, used 301713K [0x000000076c100000, 0x0000000783980000, 0x00000007c0000000)
  eden space 299520K, 97% used [0x000000076c100000,0x000000077de24b98,0x000000077e580000)
  from space 9728K, 99% used [0x0000000782d00000,0x000000078367fa50,0x0000000783680000)
  to   space 43008K, 0% used [0x000000077e580000,0x000000077e580000,0x0000000780f80000)
 ParOldGen       total 281088K, used 119487K [0x00000006c4200000, 0x00000006d5480000, 0x000000076c100000)
  object space 281088K, 42% used [0x00000006c4200000,0x00000006cb6afd10,0x00000006d5480000)
 Metaspace       used 74327K, capacity 76668K, committed 76820K, reserved 1116160K
  class space    used 9334K, capacity 9738K, committed 9788K, reserved 1048576K
Event: 8606.715 GC heap after
Heap after GC invocations=16 (full 3):
 PSYoungGen      total 318976K, used 28075K [0x000000076c100000, 0x0000000783400000, 0x00000007c0000000)
  eden space 290816K, 0% used [0x000000076c100000,0x000000076c100000,0x000000077dd00000)
  from space 28160K, 99% used [0x000000077e580000,0x00000007800eae08,0x0000000780100000)
  to   space 44544K, 0% used [0x0000000780880000,0x0000000780880000,0x0000000783400000)
 ParOldGen       total 281088K, used 126693K [0x00000006c4200000, 0x00000006d5480000, 0x000000076c100000)
  object space 281088K, 45% used [0x00000006c4200000,0x00000006cbdb9600,0x00000006d5480000)
 Metaspace       used 74327K, capacity 76668K, committed 76820K, reserved 1116160K
  class space    used 9334K, capacity 9738K, committed 9788K, reserved 1048576K
}
Event: 11497.751 GC heap before
{Heap before GC invocations=17 (full 3):
 PSYoungGen      total 318976K, used 318891K [0x000000076c100000, 0x0000000783400000, 0x00000007c0000000)
  eden space 290816K, 100% used [0x000000076c100000,0x000000077dd00000,0x000000077dd00000)
  from space 28160K, 99% used [0x000000077e580000,0x00000007800eae08,0x0000000780100000)
  to   space 44544K, 0% used [0x0000000780880000,0x0000000780880000,0x0000000783400000)
 ParOldGen       total 281088K, used 126693K [0x00000006c4200000, 0x00000006d5480000, 0x000000076c100000)
  object space 281088K, 45% used [0x00000006c4200000,0x00000006cbdb9600,0x00000006d5480000)
 Metaspace       used 74358K, capacity 76668K, committed 76820K, reserved 1116160K
  class space    used 9335K, capacity 9738K, committed 9788K, reserved 1048576K
Event: 11497.768 GC heap after
Heap after GC invocations=17 (full 3):
 PSYoungGen      total 327168K, used 38326K [0x000000076c100000, 0x0000000783500000, 0x00000007c0000000)
  eden space 282624K, 0% used [0x000000076c100000,0x000000076c100000,0x000000077d500000)
  from space 44544K, 86% used [0x0000000780880000,0x0000000782ded8c0,0x0000000783400000)
  to   space 49152K, 0% used [0x000000077d500000,0x000000077d500000,0x0000000780500000)
 ParOldGen       total 281088K, used 126701K [0x00000006c4200000, 0x00000006d5480000, 0x000000076c100000)
  object space 281088K, 45% used [0x00000006c4200000,0x00000006cbdbb600,0x00000006d5480000)
 Metaspace       used 74358K, capacity 76668K, committed 76820K, reserved 1116160K
  class space    used 9335K, capacity 9738K, committed 9788K, reserved 1048576K
}

