# JRE version: Java(TM) SE Runtime Environment (8.0_261-b12) (build 1.8.0_261-b12)
# Java VM: Java HotSpot(TM) 64-Bit Server VM (25.261-b12 mixed mode windows-amd64 compressed oops)
Heap:
 PSYoungGen      total 357376K, used 212832K [0x000000076c100000, 0x0000000786a00000, 0x00000007c0000000)
  eden space 334336K, 56% used [0x000000076c100000,0x0000000777a58870,0x0000000780780000)
  from space 23040K, 99% used [0x0000000780780000,0x0000000781dff870,0x0000000781e00000)
  to   space 28160K, 0% used [0x0000000784e80000,0x0000000784e80000,0x0000000786a00000)
 ParOldGen       total 270848K, used 69215K [0x00000006c4200000, 0x00000006d4a80000, 0x000000076c100000)
  object space 270848K, 25% used [0x00000006c4200000,0x00000006c8597c60,0x00000006d4a80000)
 Metaspace       used 72333K, capacity 74494K, committed 74840K, reserved 1114112K
  class space    used 9099K, capacity 9506K, committed 9600K, reserved 1048576K
GC Heap History (10 events):
Event: 26.773 GC heap before
{Heap before GC invocations=10 (full 2):
 PSYoungGen      total 154624K, used 143354K [0x000000076c100000, 0x000000077cc80000, 0x00000007c0000000)
  eden space 138752K, 100% used [0x000000076c100000,0x0000000774880000,0x0000000774880000)
  from space 15872K, 28% used [0x0000000774880000,0x0000000774cfe998,0x0000000775800000)
  to   space 15872K, 0% used [0x000000077bd00000,0x000000077bd00000,0x000000077cc80000)
 ParOldGen       total 166912K, used 51579K [0x00000006c4200000, 0x00000006ce500000, 0x000000076c100000)
  object space 166912K, 30% used [0x00000006c4200000,0x00000006c745ec08,0x00000006ce500000)
 Metaspace       used 46734K, capacity 48786K, committed 49112K, reserved 1091584K
  class space    used 5954K, capacity 6348K, committed 6400K, reserved 1048576K
Event: 26.808 GC heap after
Heap after GC invocations=10 (full 2):
 PSYoungGen      total 256000K, used 14142K [0x000000076c100000, 0x000000077cd80000, 0x00000007c0000000)
  eden space 240128K, 0% used [0x000000076c100000,0x000000076c100000,0x000000077ab80000)
  from space 15872K, 89% used [0x000000077bd00000,0x000000077cacf938,0x000000077cc80000)
  to   space 17408K, 0% used [0x000000077ab80000,0x000000077ab80000,0x000000077bc80000)
 ParOldGen       total 166912K, used 51606K [0x00000006c4200000, 0x00000006ce500000, 0x000000076c100000)
  object space 166912K, 30% used [0x00000006c4200000,0x00000006c7465838,0x00000006ce500000)
 Metaspace       used 46734K, capacity 48786K, committed 49112K, reserved 1091584K
  class space    used 5954K, capacity 6348K, committed 6400K, reserved 1048576K
}
Event: 31.071 GC heap before
{Heap before GC invocations=11 (full 2):
 PSYoungGen      total 256000K, used 193164K [0x000000076c100000, 0x000000077cd80000, 0x00000007c0000000)
  eden space 240128K, 74% used [0x000000076c100000,0x0000000776fd3838,0x000000077ab80000)
  from space 15872K, 89% used [0x000000077bd00000,0x000000077cacf938,0x000000077cc80000)
  to   space 17408K, 0% used [0x000000077ab80000,0x000000077ab80000,0x000000077bc80000)
 ParOldGen       total 166912K, used 51606K [0x00000006c4200000, 0x00000006ce500000, 0x000000076c100000)
  object space 166912K, 30% used [0x00000006c4200000,0x00000006c7465838,0x00000006ce500000)
 Metaspace       used 56760K, capacity 58776K, committed 58968K, reserved 1101824K
  class space    used 7161K, capacity 7539K, committed 7552K, reserved 1048576K
Event: 31.106 GC heap after
Heap after GC invocations=11 (full 2):
 PSYoungGen      total 257536K, used 17403K [0x000000076c100000, 0x0000000783800000, 0x00000007c0000000)
  eden space 240128K, 0% used [0x000000076c100000,0x000000076c100000,0x000000077ab80000)
  from space 17408K, 99% used [0x000000077ab80000,0x000000077bc7ef80,0x000000077bc80000)
  to   space 21504K, 0% used [0x0000000782300000,0x0000000782300000,0x0000000783800000)
 ParOldGen       total 166912K, used 54916K [0x00000006c4200000, 0x00000006ce500000, 0x000000076c100000)
  object space 166912K, 32% used [0x00000006c4200000,0x00000006c77a1210,0x00000006ce500000)
 Metaspace       used 56760K, capacity 58776K, committed 58968K, reserved 1101824K
  class space    used 7161K, capacity 7539K, committed 7552K, reserved 1048576K
}
Event: 31.106 GC heap before
{Heap before GC invocations=12 (full 3):
 PSYoungGen      total 257536K, used 17403K [0x000000076c100000, 0x0000000783800000, 0x00000007c0000000)
  eden space 240128K, 0% used [0x000000076c100000,0x000000076c100000,0x000000077ab80000)
  from space 17408K, 99% used [0x000000077ab80000,0x000000077bc7ef80,0x000000077bc80000)
  to   space 21504K, 0% used [0x0000000782300000,0x0000000782300000,0x0000000783800000)
 ParOldGen       total 166912K, used 54916K [0x00000006c4200000, 0x00000006ce500000, 0x000000076c100000)
  object space 166912K, 32% used [0x00000006c4200000,0x00000006c77a1210,0x00000006ce500000)
 Metaspace       used 56760K, capacity 58776K, committed 58968K, reserved 1101824K
  class space    used 7161K, capacity 7539K, committed 7552K, reserved 1048576K
Event: 31.358 GC heap after
Heap after GC invocations=12 (full 3):
 PSYoungGen      total 257536K, used 0K [0x000000076c100000, 0x0000000783800000, 0x00000007c0000000)
  eden space 240128K, 0% used [0x000000076c100000,0x000000076c100000,0x000000077ab80000)
  from space 17408K, 0% used [0x000000077ab80000,0x000000077ab80000,0x000000077bc80000)
  to   space 21504K, 0% used [0x0000000782300000,0x0000000782300000,0x0000000783800000)
 ParOldGen       total 270848K, used 65372K [0x00000006c4200000, 0x00000006d4a80000, 0x000000076c100000)
  object space 270848K, 24% used [0x00000006c4200000,0x00000006c81d7010,0x00000006d4a80000)
 Metaspace       used 56760K, capacity 58776K, committed 58968K, reserved 1101824K
  class space    used 7161K, capacity 7539K, committed 7552K, reserved 1048576K
}
Event: 47.788 GC heap before
{Heap before GC invocations=13 (full 3):
 PSYoungGen      total 257536K, used 240128K [0x000000076c100000, 0x0000000783800000, 0x00000007c0000000)
  eden space 240128K, 100% used [0x000000076c100000,0x000000077ab80000,0x000000077ab80000)
  from space 17408K, 0% used [0x000000077ab80000,0x000000077ab80000,0x000000077bc80000)
  to   space 21504K, 0% used [0x0000000782300000,0x0000000782300000,0x0000000783800000)
 ParOldGen       total 270848K, used 65372K [0x00000006c4200000, 0x00000006d4a80000, 0x000000076c100000)
  object space 270848K, 24% used [0x00000006c4200000,0x00000006c81d7010,0x00000006d4a80000)
 Metaspace       used 66869K, capacity 68960K, committed 69208K, reserved 1110016K
  class space    used 8409K, capacity 8797K, committed 8832K, reserved 1048576K
Event: 47.808 GC heap after
Heap after GC invocations=13 (full 3):
 PSYoungGen      total 324608K, used 17805K [0x000000076c100000, 0x0000000783480000, 0x00000007c0000000)
  eden space 306688K, 0% used [0x000000076c100000,0x000000076c100000,0x000000077ec80000)
  from space 17920K, 99% used [0x0000000782300000,0x00000007834634e0,0x0000000783480000)
  to   space 23040K, 0% used [0x0000000780780000,0x0000000780780000,0x0000000781e00000)
 ParOldGen       total 270848K, used 65380K [0x00000006c4200000, 0x00000006d4a80000, 0x000000076c100000)
  object space 270848K, 24% used [0x00000006c4200000,0x00000006c81d9010,0x00000006d4a80000)
 Metaspace       used 66869K, capacity 68960K, committed 69208K, reserved 1110016K
  class space    used 8409K, capacity 8797K, committed 8832K, reserved 1048576K
}
Event: 126.011 GC heap before
{Heap before GC invocations=14 (full 3):
 PSYoungGen      total 324608K, used 324493K [0x000000076c100000, 0x0000000783480000, 0x00000007c0000000)
  eden space 306688K, 100% used [0x000000076c100000,0x000000077ec80000,0x000000077ec80000)
  from space 17920K, 99% used [0x0000000782300000,0x00000007834634e0,0x0000000783480000)
  to   space 23040K, 0% used [0x0000000780780000,0x0000000780780000,0x0000000781e00000)
 ParOldGen       total 270848K, used 65380K [0x00000006c4200000, 0x00000006d4a80000, 0x000000076c100000)
  object space 270848K, 24% used [0x00000006c4200000,0x00000006c81d9010,0x00000006d4a80000)
 Metaspace       used 72037K, capacity 74150K, committed 74456K, reserved 1114112K
  class space    used 9064K, capacity 9438K, committed 9472K, reserved 1048576K
Event: 126.027 GC heap after
Heap after GC invocations=14 (full 3):
 PSYoungGen      total 357376K, used 23038K [0x000000076c100000, 0x0000000786a00000, 0x00000007c0000000)
  eden space 334336K, 0% used [0x000000076c100000,0x000000076c100000,0x0000000780780000)
  from space 23040K, 99% used [0x0000000780780000,0x0000000781dff870,0x0000000781e00000)
  to   space 28160K, 0% used [0x0000000784e80000,0x0000000784e80000,0x0000000786a00000)
 ParOldGen       total 270848K, used 69215K [0x00000006c4200000, 0x00000006d4a80000, 0x000000076c100000)
  object space 270848K, 25% used [0x00000006c4200000,0x00000006c8597c60,0x00000006d4a80000)
 Metaspace       used 72037K, capacity 74150K, committed 74456K, reserved 1114112K
  class space    used 9064K, capacity 9438K, committed 9472K, reserved 1048576K
}

