# JRE version: Java(TM) SE Runtime Environment (8.0_261-b12) (build 1.8.0_261-b12)
# Java VM: Java HotSpot(TM) 64-Bit Server VM (25.261-b12 mixed mode windows-amd64 compressed oops)
Heap:
 PSYoungGen      total 161280K, used 46215K [0x000000076c100000, 0x0000000778680000, 0x00000007c0000000)
  eden space 129536K, 31% used [0x000000076c100000,0x000000076e95bd00,0x0000000773f80000)
  from space 31744K, 15% used [0x0000000776780000,0x0000000776c46240,0x0000000778680000)
  to   space 36352K, 0% used [0x0000000773f80000,0x0000000773f80000,0x0000000776300000)
 ParOldGen       total 285184K, used 218372K [0x00000006c4200000, 0x00000006d5880000, 0x000000076c100000)
  object space 285184K, 76% used [0x00000006c4200000,0x00000006d17413b0,0x00000006d5880000)
 Metaspace       used 74726K, capacity 77150K, committed 77400K, reserved 1116160K
  class space    used 9386K, capacity 9819K, committed 9856K, reserved 1048576K
GC Heap History (10 events):
Event: 32749.964 GC heap before
{Heap before GC invocations=51 (full 3):
 PSYoungGen      total 143872K, used 143219K [0x000000076c100000, 0x0000000779200000, 0x00000007c0000000)
  eden space 142336K, 99% used [0x000000076c100000,0x0000000774bc4eb0,0x0000000774c00000)
  from space 1536K, 72% used [0x0000000774e80000,0x0000000774f98000,0x0000000775000000)
  to   space 35840K, 0% used [0x0000000776f00000,0x0000000776f00000,0x0000000779200000)
 ParOldGen       total 285184K, used 218116K [0x00000006c4200000, 0x00000006d5880000, 0x000000076c100000)
  object space 285184K, 76% used [0x00000006c4200000,0x00000006d1701390,0x00000006d5880000)
 Metaspace       used 74638K, capacity 77086K, committed 77144K, reserved 1116160K
  class space    used 9374K, capacity 9819K, committed 9856K, reserved 1048576K
Event: 32749.970 GC heap after
Heap after GC invocations=51 (full 3):
 PSYoungGen      total 169984K, used 3611K [0x000000076c100000, 0x0000000778c80000, 0x00000007c0000000)
  eden space 139776K, 0% used [0x000000076c100000,0x000000076c100000,0x0000000774980000)
  from space 30208K, 11% used [0x0000000776f00000,0x0000000777286ef0,0x0000000778c80000)
  to   space 34304K, 0% used [0x0000000774980000,0x0000000774980000,0x0000000776b00000)
 ParOldGen       total 285184K, used 218124K [0x00000006c4200000, 0x00000006d5880000, 0x000000076c100000)
  object space 285184K, 76% used [0x00000006c4200000,0x00000006d1703390,0x00000006d5880000)
 Metaspace       used 74638K, capacity 77086K, committed 77144K, reserved 1116160K
  class space    used 9374K, capacity 9819K, committed 9856K, reserved 1048576K
}
Event: 33672.174 GC heap before
{Heap before GC invocations=52 (full 3):
 PSYoungGen      total 169984K, used 143387K [0x000000076c100000, 0x0000000778c80000, 0x00000007c0000000)
  eden space 139776K, 100% used [0x000000076c100000,0x0000000774980000,0x0000000774980000)
  from space 30208K, 11% used [0x0000000776f00000,0x0000000777286ef0,0x0000000778c80000)
  to   space 34304K, 0% used [0x0000000774980000,0x0000000774980000,0x0000000776b00000)
 ParOldGen       total 285184K, used 218124K [0x00000006c4200000, 0x00000006d5880000, 0x000000076c100000)
  object space 285184K, 76% used [0x00000006c4200000,0x00000006d1703390,0x00000006d5880000)
 Metaspace       used 74638K, capacity 77086K, committed 77144K, reserved 1116160K
  class space    used 9374K, capacity 9819K, committed 9856K, reserved 1048576K
Event: 33672.205 GC heap after
Heap after GC invocations=52 (full 3):
 PSYoungGen      total 171520K, used 32595K [0x000000076c100000, 0x0000000779600000, 0x00000007c0000000)
  eden space 137216K, 0% used [0x000000076c100000,0x000000076c100000,0x0000000774700000)
  from space 34304K, 95% used [0x0000000774980000,0x0000000776954dd0,0x0000000776b00000)
  to   space 40448K, 0% used [0x0000000776e80000,0x0000000776e80000,0x0000000779600000)
 ParOldGen       total 285184K, used 218164K [0x00000006c4200000, 0x00000006d5880000, 0x000000076c100000)
  object space 285184K, 76% used [0x00000006c4200000,0x00000006d170d390,0x00000006d5880000)
 Metaspace       used 74638K, capacity 77086K, committed 77144K, reserved 1116160K
  class space    used 9374K, capacity 9819K, committed 9856K, reserved 1048576K
}
Event: 33964.889 GC heap before
{Heap before GC invocations=53 (full 3):
 PSYoungGen      total 171520K, used 169811K [0x000000076c100000, 0x0000000779600000, 0x00000007c0000000)
  eden space 137216K, 100% used [0x000000076c100000,0x0000000774700000,0x0000000774700000)
  from space 34304K, 95% used [0x0000000774980000,0x0000000776954dd0,0x0000000776b00000)
  to   space 40448K, 0% used [0x0000000776e80000,0x0000000776e80000,0x0000000779600000)
 ParOldGen       total 285184K, used 218164K [0x00000006c4200000, 0x00000006d5880000, 0x000000076c100000)
  object space 285184K, 76% used [0x00000006c4200000,0x00000006d170d390,0x00000006d5880000)
 Metaspace       used 74638K, capacity 77086K, committed 77144K, reserved 1116160K
  class space    used 9374K, capacity 9819K, committed 9856K, reserved 1048576K
Event: 33964.894 GC heap after
Heap after GC invocations=53 (full 3):
 PSYoungGen      total 170496K, used 944K [0x000000076c100000, 0x0000000779180000, 0x00000007c0000000)
  eden space 134656K, 0% used [0x000000076c100000,0x000000076c100000,0x0000000774480000)
  from space 35840K, 2% used [0x0000000776e80000,0x0000000776f6c010,0x0000000779180000)
  to   space 39424K, 0% used [0x0000000774480000,0x0000000774480000,0x0000000776b00000)
 ParOldGen       total 285184K, used 218188K [0x00000006c4200000, 0x00000006d5880000, 0x000000076c100000)
  object space 285184K, 76% used [0x00000006c4200000,0x00000006d1713390,0x00000006d5880000)
 Metaspace       used 74638K, capacity 77086K, committed 77144K, reserved 1116160K
  class space    used 9374K, capacity 9819K, committed 9856K, reserved 1048576K
}
Event: 35212.283 GC heap before
{Heap before GC invocations=54 (full 3):
 PSYoungGen      total 170496K, used 135600K [0x000000076c100000, 0x0000000779180000, 0x00000007c0000000)
  eden space 134656K, 100% used [0x000000076c100000,0x0000000774480000,0x0000000774480000)
  from space 35840K, 2% used [0x0000000776e80000,0x0000000776f6c010,0x0000000779180000)
  to   space 39424K, 0% used [0x0000000774480000,0x0000000774480000,0x0000000776b00000)
 ParOldGen       total 285184K, used 218188K [0x00000006c4200000, 0x00000006d5880000, 0x000000076c100000)
  object space 285184K, 76% used [0x00000006c4200000,0x00000006d1713390,0x00000006d5880000)
 Metaspace       used 74652K, capacity 77086K, committed 77144K, reserved 1116160K
  class space    used 9374K, capacity 9819K, committed 9856K, reserved 1048576K
Event: 35212.288 GC heap after
Heap after GC invocations=54 (full 3):
 PSYoungGen      total 134144K, used 2003K [0x000000076c100000, 0x0000000778d00000, 0x00000007c0000000)
  eden space 132096K, 0% used [0x000000076c100000,0x000000076c100000,0x0000000774200000)
  from space 2048K, 97% used [0x0000000774480000,0x0000000774674c10,0x0000000774680000)
  to   space 38400K, 0% used [0x0000000776780000,0x0000000776780000,0x0000000778d00000)
 ParOldGen       total 285184K, used 218228K [0x00000006c4200000, 0x00000006d5880000, 0x000000076c100000)
  object space 285184K, 76% used [0x00000006c4200000,0x00000006d171d390,0x00000006d5880000)
 Metaspace       used 74652K, capacity 77086K, committed 77144K, reserved 1116160K
  class space    used 9374K, capacity 9819K, committed 9856K, reserved 1048576K
}
Event: 35991.814 GC heap before
{Heap before GC invocations=55 (full 3):
 PSYoungGen      total 134144K, used 134097K [0x000000076c100000, 0x0000000778d00000, 0x00000007c0000000)
  eden space 132096K, 99% used [0x000000076c100000,0x00000007741ff840,0x0000000774200000)
  from space 2048K, 97% used [0x0000000774480000,0x0000000774674c10,0x0000000774680000)
  to   space 38400K, 0% used [0x0000000776780000,0x0000000776780000,0x0000000778d00000)
 ParOldGen       total 285184K, used 218228K [0x00000006c4200000, 0x00000006d5880000, 0x000000076c100000)
  object space 285184K, 76% used [0x00000006c4200000,0x00000006d171d390,0x00000006d5880000)
 Metaspace       used 74652K, capacity 77086K, committed 77144K, reserved 1116160K
  class space    used 9374K, capacity 9819K, committed 9856K, reserved 1048576K
Event: 35991.822 GC heap after
Heap after GC invocations=55 (full 3):
 PSYoungGen      total 161280K, used 4888K [0x000000076c100000, 0x0000000778680000, 0x00000007c0000000)
  eden space 129536K, 0% used [0x000000076c100000,0x000000076c100000,0x0000000773f80000)
  from space 31744K, 15% used [0x0000000776780000,0x0000000776c46240,0x0000000778680000)
  to   space 36352K, 0% used [0x0000000773f80000,0x0000000773f80000,0x0000000776300000)
 ParOldGen       total 285184K, used 218372K [0x00000006c4200000, 0x00000006d5880000, 0x000000076c100000)
  object space 285184K, 76% used [0x00000006c4200000,0x00000006d17413b0,0x00000006d5880000)
 Metaspace       used 74652K, capacity 77086K, committed 77144K, reserved 1116160K
  class space    used 9374K, capacity 9819K, committed 9856K, reserved 1048576K
}

