# JRE version: Java(TM) SE Runtime Environment (8.0_261-b12) (build 1.8.0_261-b12)
# Java VM: Java HotSpot(TM) 64-Bit Server VM (25.261-b12 mixed mode windows-amd64 compressed oops)
Heap:
 PSYoungGen      total 323584K, used 184746K [0x000000076c100000, 0x0000000786380000, 0x00000007c0000000)
  eden space 313856K, 55% used [0x000000076c100000,0x0000000776bf0290,0x000000077f380000)
  from space 9728K, 99% used [0x0000000785a00000,0x000000078637a800,0x0000000786380000)
  to   space 30720K, 0% used [0x0000000782780000,0x0000000782780000,0x0000000784580000)
 ParOldGen       total 283648K, used 66371K [0x00000006c4200000, 0x00000006d5700000, 0x000000076c100000)
  object space 283648K, 23% used [0x00000006c4200000,0x00000006c82d0de0,0x00000006d5700000)
 Metaspace       used 74880K, capacity 77262K, committed 77460K, reserved 1116160K
  class space    used 9375K, capacity 9805K, committed 9916K, reserved 1048576K
GC Heap History (10 events):
Event: 1871.660 GC heap before
{Heap before GC invocations=15 (full 3):
 PSYoungGen      total 287232K, used 287200K [0x000000076c100000, 0x0000000784700000, 0x00000007c0000000)
  eden space 266240K, 99% used [0x000000076c100000,0x000000077c4fc1a8,0x000000077c500000)
  from space 20992K, 99% used [0x000000077c500000,0x000000077d97c088,0x000000077d980000)
  to   space 24064K, 0% used [0x0000000782f80000,0x0000000782f80000,0x0000000784700000)
 ParOldGen       total 283648K, used 57077K [0x00000006c4200000, 0x00000006d5700000, 0x000000076c100000)
  object space 283648K, 20% used [0x00000006c4200000,0x00000006c79bd4c8,0x00000006d5700000)
 Metaspace       used 73483K, capacity 75718K, committed 75924K, reserved 1116160K
  class space    used 9226K, capacity 9651K, committed 9660K, reserved 1048576K
Event: 1871.672 GC heap after
Heap after GC invocations=15 (full 3):
 PSYoungGen      total 360448K, used 20269K [0x000000076c100000, 0x0000000784380000, 0x00000007c0000000)
  eden space 339968K, 0% used [0x000000076c100000,0x000000076c100000,0x0000000780d00000)
  from space 20480K, 98% used [0x0000000782f80000,0x000000078434b478,0x0000000784380000)
  to   space 26112K, 0% used [0x0000000781080000,0x0000000781080000,0x0000000782a00000)
 ParOldGen       total 283648K, used 57093K [0x00000006c4200000, 0x00000006d5700000, 0x000000076c100000)
  object space 283648K, 20% used [0x00000006c4200000,0x00000006c79c14c8,0x00000006d5700000)
 Metaspace       used 73483K, capacity 75718K, committed 75924K, reserved 1116160K
  class space    used 9226K, capacity 9651K, committed 9660K, reserved 1048576K
}
Event: 5949.600 GC heap before
{Heap before GC invocations=16 (full 3):
 PSYoungGen      total 360448K, used 360237K [0x000000076c100000, 0x0000000784380000, 0x00000007c0000000)
  eden space 339968K, 100% used [0x000000076c100000,0x0000000780d00000,0x0000000780d00000)
  from space 20480K, 98% used [0x0000000782f80000,0x000000078434b478,0x0000000784380000)
  to   space 26112K, 0% used [0x0000000781080000,0x0000000781080000,0x0000000782a00000)
 ParOldGen       total 283648K, used 57093K [0x00000006c4200000, 0x00000006d5700000, 0x000000076c100000)
  object space 283648K, 20% used [0x00000006c4200000,0x00000006c79c14c8,0x00000006d5700000)
 Metaspace       used 74441K, capacity 76796K, committed 77076K, reserved 1116160K
  class space    used 9337K, capacity 9764K, committed 9788K, reserved 1048576K
Event: 5949.613 GC heap after
Heap after GC invocations=16 (full 3):
 PSYoungGen      total 369664K, used 18637K [0x000000076c100000, 0x0000000789000000, 0x00000007c0000000)
  eden space 343552K, 0% used [0x000000076c100000,0x000000076c100000,0x0000000781080000)
  from space 26112K, 71% used [0x0000000781080000,0x00000007822b3640,0x0000000782a00000)
  to   space 27136K, 0% used [0x0000000787580000,0x0000000787580000,0x0000000789000000)
 ParOldGen       total 283648K, used 57101K [0x00000006c4200000, 0x00000006d5700000, 0x000000076c100000)
  object space 283648K, 20% used [0x00000006c4200000,0x00000006c79c34c8,0x00000006d5700000)
 Metaspace       used 74441K, capacity 76796K, committed 77076K, reserved 1116160K
  class space    used 9337K, capacity 9764K, committed 9788K, reserved 1048576K
}
Event: 11324.409 GC heap before
{Heap before GC invocations=17 (full 3):
 PSYoungGen      total 369664K, used 358895K [0x000000076c100000, 0x0000000789000000, 0x00000007c0000000)
  eden space 343552K, 99% used [0x000000076c100000,0x0000000780d487b0,0x0000000781080000)
  from space 26112K, 71% used [0x0000000781080000,0x00000007822b3640,0x0000000782a00000)
  to   space 27136K, 0% used [0x0000000787580000,0x0000000787580000,0x0000000789000000)
 ParOldGen       total 283648K, used 57101K [0x00000006c4200000, 0x00000006d5700000, 0x000000076c100000)
  object space 283648K, 20% used [0x00000006c4200000,0x00000006c79c34c8,0x00000006d5700000)
 Metaspace       used 74711K, capacity 77026K, committed 77204K, reserved 1116160K
  class space    used 9362K, capacity 9797K, committed 9916K, reserved 1048576K
Event: 11324.421 GC heap after
Heap after GC invocations=17 (full 3):
 PSYoungGen      total 360448K, used 27108K [0x000000076c100000, 0x0000000789000000, 0x00000007c0000000)
  eden space 333312K, 0% used [0x000000076c100000,0x000000076c100000,0x0000000780680000)
  from space 27136K, 99% used [0x0000000787580000,0x0000000788ff9198,0x0000000789000000)
  to   space 32768K, 0% used [0x0000000785000000,0x0000000785000000,0x0000000787000000)
 ParOldGen       total 283648K, used 60694K [0x00000006c4200000, 0x00000006d5700000, 0x000000076c100000)
  object space 283648K, 21% used [0x00000006c4200000,0x00000006c7d45998,0x00000006d5700000)
 Metaspace       used 74711K, capacity 77026K, committed 77204K, reserved 1116160K
  class space    used 9362K, capacity 9797K, committed 9916K, reserved 1048576K
}
Event: 18736.819 GC heap before
{Heap before GC invocations=18 (full 3):
 PSYoungGen      total 360448K, used 360420K [0x000000076c100000, 0x0000000789000000, 0x00000007c0000000)
  eden space 333312K, 100% used [0x000000076c100000,0x0000000780680000,0x0000000780680000)
  from space 27136K, 99% used [0x0000000787580000,0x0000000788ff9198,0x0000000789000000)
  to   space 32768K, 0% used [0x0000000785000000,0x0000000785000000,0x0000000787000000)
 ParOldGen       total 283648K, used 60694K [0x00000006c4200000, 0x00000006d5700000, 0x000000076c100000)
  object space 283648K, 21% used [0x00000006c4200000,0x00000006c7d45998,0x00000006d5700000)
 Metaspace       used 74753K, capacity 77120K, committed 77460K, reserved 1116160K
  class space    used 9365K, capacity 9802K, committed 9916K, reserved 1048576K
Event: 18736.841 GC heap after
Heap after GC invocations=18 (full 3):
 PSYoungGen      total 333824K, used 9779K [0x000000076c100000, 0x0000000787600000, 0x00000007c0000000)
  eden space 323584K, 0% used [0x000000076c100000,0x000000076c100000,0x000000077fd00000)
  from space 10240K, 95% used [0x0000000785000000,0x000000078598cde8,0x0000000785a00000)
  to   space 28672K, 0% used [0x0000000785a00000,0x0000000785a00000,0x0000000787600000)
 ParOldGen       total 283648K, used 66363K [0x00000006c4200000, 0x00000006d5700000, 0x000000076c100000)
  object space 283648K, 23% used [0x00000006c4200000,0x00000006c82cede0,0x00000006d5700000)
 Metaspace       used 74753K, capacity 77120K, committed 77460K, reserved 1116160K
  class space    used 9365K, capacity 9802K, committed 9916K, reserved 1048576K
}
Event: 24620.150 GC heap before
{Heap before GC invocations=19 (full 3):
 PSYoungGen      total 333824K, used 333363K [0x000000076c100000, 0x0000000787600000, 0x00000007c0000000)
  eden space 323584K, 100% used [0x000000076c100000,0x000000077fd00000,0x000000077fd00000)
  from space 10240K, 95% used [0x0000000785000000,0x000000078598cde8,0x0000000785a00000)
  to   space 28672K, 0% used [0x0000000785a00000,0x0000000785a00000,0x0000000787600000)
 ParOldGen       total 283648K, used 66363K [0x00000006c4200000, 0x00000006d5700000, 0x000000076c100000)
  object space 283648K, 23% used [0x00000006c4200000,0x00000006c82cede0,0x00000006d5700000)
 Metaspace       used 74807K, capacity 77190K, committed 77460K, reserved 1116160K
  class space    used 9368K, capacity 9803K, committed 9916K, reserved 1048576K
Event: 24620.171 GC heap after
Heap after GC invocations=19 (full 3):
 PSYoungGen      total 323584K, used 9706K [0x000000076c100000, 0x0000000786380000, 0x00000007c0000000)
  eden space 313856K, 0% used [0x000000076c100000,0x000000076c100000,0x000000077f380000)
  from space 9728K, 99% used [0x0000000785a00000,0x000000078637a800,0x0000000786380000)
  to   space 30720K, 0% used [0x0000000782780000,0x0000000782780000,0x0000000784580000)
 ParOldGen       total 283648K, used 66371K [0x00000006c4200000, 0x00000006d5700000, 0x000000076c100000)
  object space 283648K, 23% used [0x00000006c4200000,0x00000006c82d0de0,0x00000006d5700000)
 Metaspace       used 74807K, capacity 77190K, committed 77460K, reserved 1116160K
  class space    used 9368K, capacity 9803K, committed 9916K, reserved 1048576K
}

