# JRE version: Java(TM) SE Runtime Environment (8.0_261-b12) (build 1.8.0_261-b12)
# Java VM: Java HotSpot(TM) 64-Bit Server VM (25.261-b12 mixed mode windows-amd64 compressed oops)
Heap:
 PSYoungGen      total 287232K, used 154652K [0x000000076c100000, 0x0000000780480000, 0x00000007c0000000)
  eden space 265728K, 50% used [0x000000076c100000,0x00000007743100a8,0x000000077c480000)
  from space 21504K, 99% used [0x000000077ef80000,0x00000007804770a8,0x0000000780480000)
  to   space 25088K, 0% used [0x000000077d380000,0x000000077d380000,0x000000077ec00000)
 ParOldGen       total 292352K, used 67287K [0x00000006c4200000, 0x00000006d5f80000, 0x000000076c100000)
  object space 292352K, 23% used [0x00000006c4200000,0x00000006c83b5c18,0x00000006d5f80000)
 Metaspace       used 70663K, capacity 72854K, committed 73048K, reserved 1114112K
  class space    used 8912K, capacity 9331K, committed 9344K, reserved 1048576K
GC Heap History (10 events):
Event: 12.881 GC heap before
{Heap before GC invocations=9 (full 2):
 PSYoungGen      total 135680K, used 122880K [0x000000076c100000, 0x0000000775c00000, 0x00000007c0000000)
  eden space 122880K, 100% used [0x000000076c100000,0x0000000773900000,0x0000000773900000)
  from space 12800K, 0% used [0x0000000774880000,0x0000000774880000,0x0000000775500000)
  to   space 15872K, 0% used [0x0000000773900000,0x0000000773900000,0x0000000774880000)
 ParOldGen       total 182272K, used 18932K [0x00000006c4200000, 0x00000006cf400000, 0x000000076c100000)
  object space 182272K, 10% used [0x00000006c4200000,0x00000006c547d148,0x00000006cf400000)
 Metaspace       used 36873K, capacity 38518K, committed 38744K, reserved 1083392K
  class space    used 4782K, capacity 5125K, committed 5248K, reserved 1048576K
Event: 12.960 GC heap after
Heap after GC invocations=9 (full 2):
 PSYoungGen      total 138752K, used 3236K [0x000000076c100000, 0x000000077ac80000, 0x00000007c0000000)
  eden space 122880K, 0% used [0x000000076c100000,0x000000076c100000,0x0000000773900000)
  from space 15872K, 20% used [0x0000000773900000,0x0000000773c29320,0x0000000774880000)
  to   space 15872K, 0% used [0x0000000779d00000,0x0000000779d00000,0x000000077ac80000)
 ParOldGen       total 182272K, used 51708K [0x00000006c4200000, 0x00000006cf400000, 0x000000076c100000)
  object space 182272K, 28% used [0x00000006c4200000,0x00000006c747f158,0x00000006cf400000)
 Metaspace       used 36873K, capacity 38518K, committed 38744K, reserved 1083392K
  class space    used 4782K, capacity 5125K, committed 5248K, reserved 1048576K
}
Event: 14.575 GC heap before
{Heap before GC invocations=10 (full 2):
 PSYoungGen      total 138752K, used 126116K [0x000000076c100000, 0x000000077ac80000, 0x00000007c0000000)
  eden space 122880K, 100% used [0x000000076c100000,0x0000000773900000,0x0000000773900000)
  from space 15872K, 20% used [0x0000000773900000,0x0000000773c29320,0x0000000774880000)
  to   space 15872K, 0% used [0x0000000779d00000,0x0000000779d00000,0x000000077ac80000)
 ParOldGen       total 182272K, used 51708K [0x00000006c4200000, 0x00000006cf400000, 0x000000076c100000)
  object space 182272K, 28% used [0x00000006c4200000,0x00000006c747f158,0x00000006cf400000)
 Metaspace       used 45070K, capacity 47134K, committed 47448K, reserved 1091584K
  class space    used 5746K, capacity 6159K, committed 6272K, reserved 1048576K
Event: 14.602 GC heap after
Heap after GC invocations=10 (full 2):
 PSYoungGen      total 222208K, used 12260K [0x000000076c100000, 0x000000077ac00000, 0x00000007c0000000)
  eden space 206848K, 0% used [0x000000076c100000,0x000000076c100000,0x0000000778b00000)
  from space 15360K, 79% used [0x0000000779d00000,0x000000077a8f90c0,0x000000077ac00000)
  to   space 16896K, 0% used [0x0000000778b00000,0x0000000778b00000,0x0000000779b80000)
 ParOldGen       total 182272K, used 51735K [0x00000006c4200000, 0x00000006cf400000, 0x000000076c100000)
  object space 182272K, 28% used [0x00000006c4200000,0x00000006c7485d88,0x00000006cf400000)
 Metaspace       used 45070K, capacity 47134K, committed 47448K, reserved 1091584K
  class space    used 5746K, capacity 6159K, committed 6272K, reserved 1048576K
}
Event: 17.632 GC heap before
{Heap before GC invocations=11 (full 2):
 PSYoungGen      total 222208K, used 219033K [0x000000076c100000, 0x000000077ac00000, 0x00000007c0000000)
  eden space 206848K, 99% used [0x000000076c100000,0x0000000778aed460,0x0000000778b00000)
  from space 15360K, 79% used [0x0000000779d00000,0x000000077a8f90c0,0x000000077ac00000)
  to   space 16896K, 0% used [0x0000000778b00000,0x0000000778b00000,0x0000000779b80000)
 ParOldGen       total 182272K, used 51735K [0x00000006c4200000, 0x00000006cf400000, 0x000000076c100000)
  object space 182272K, 28% used [0x00000006c4200000,0x00000006c7485d88,0x00000006cf400000)
 Metaspace       used 56765K, capacity 58788K, committed 58968K, reserved 1101824K
  class space    used 7167K, capacity 7542K, committed 7552K, reserved 1048576K
Event: 17.662 GC heap after
Heap after GC invocations=11 (full 2):
 PSYoungGen      total 223744K, used 16875K [0x000000076c100000, 0x0000000780500000, 0x00000007c0000000)
  eden space 206848K, 0% used [0x000000076c100000,0x000000076c100000,0x0000000778b00000)
  from space 16896K, 99% used [0x0000000778b00000,0x0000000779b7af98,0x0000000779b80000)
  to   space 22016K, 0% used [0x000000077ef80000,0x000000077ef80000,0x0000000780500000)
 ParOldGen       total 182272K, used 57735K [0x00000006c4200000, 0x00000006cf400000, 0x000000076c100000)
  object space 182272K, 31% used [0x00000006c4200000,0x00000006c7a61d38,0x00000006cf400000)
 Metaspace       used 56765K, capacity 58788K, committed 58968K, reserved 1101824K
  class space    used 7167K, capacity 7542K, committed 7552K, reserved 1048576K
}
Event: 17.662 GC heap before
{Heap before GC invocations=12 (full 3):
 PSYoungGen      total 223744K, used 16875K [0x000000076c100000, 0x0000000780500000, 0x00000007c0000000)
  eden space 206848K, 0% used [0x000000076c100000,0x000000076c100000,0x0000000778b00000)
  from space 16896K, 99% used [0x0000000778b00000,0x0000000779b7af98,0x0000000779b80000)
  to   space 22016K, 0% used [0x000000077ef80000,0x000000077ef80000,0x0000000780500000)
 ParOldGen       total 182272K, used 57735K [0x00000006c4200000, 0x00000006cf400000, 0x000000076c100000)
  object space 182272K, 31% used [0x00000006c4200000,0x00000006c7a61d38,0x00000006cf400000)
 Metaspace       used 56765K, capacity 58788K, committed 58968K, reserved 1101824K
  class space    used 7167K, capacity 7542K, committed 7552K, reserved 1048576K
Event: 17.852 GC heap after
Heap after GC invocations=12 (full 3):
 PSYoungGen      total 223744K, used 0K [0x000000076c100000, 0x0000000780500000, 0x00000007c0000000)
  eden space 206848K, 0% used [0x000000076c100000,0x000000076c100000,0x0000000778b00000)
  from space 16896K, 0% used [0x0000000778b00000,0x0000000778b00000,0x0000000779b80000)
  to   space 22016K, 0% used [0x000000077ef80000,0x000000077ef80000,0x0000000780500000)
 ParOldGen       total 292352K, used 67279K [0x00000006c4200000, 0x00000006d5f80000, 0x000000076c100000)
  object space 292352K, 23% used [0x00000006c4200000,0x00000006c83b3c18,0x00000006d5f80000)
 Metaspace       used 56765K, capacity 58788K, committed 58968K, reserved 1101824K
  class space    used 7167K, capacity 7542K, committed 7552K, reserved 1048576K
}
Event: 29.255 GC heap before
{Heap before GC invocations=13 (full 3):
 PSYoungGen      total 223744K, used 206848K [0x000000076c100000, 0x0000000780500000, 0x00000007c0000000)
  eden space 206848K, 100% used [0x000000076c100000,0x0000000778b00000,0x0000000778b00000)
  from space 16896K, 0% used [0x0000000778b00000,0x0000000778b00000,0x0000000779b80000)
  to   space 22016K, 0% used [0x000000077ef80000,0x000000077ef80000,0x0000000780500000)
 ParOldGen       total 292352K, used 67279K [0x00000006c4200000, 0x00000006d5f80000, 0x000000076c100000)
  object space 292352K, 23% used [0x00000006c4200000,0x00000006c83b3c18,0x00000006d5f80000)
 Metaspace       used 65849K, capacity 67948K, committed 68312K, reserved 1110016K
  class space    used 8291K, capacity 8672K, committed 8704K, reserved 1048576K
Event: 29.314 GC heap after
Heap after GC invocations=13 (full 3):
 PSYoungGen      total 287232K, used 21468K [0x000000076c100000, 0x0000000780480000, 0x00000007c0000000)
  eden space 265728K, 0% used [0x000000076c100000,0x000000076c100000,0x000000077c480000)
  from space 21504K, 99% used [0x000000077ef80000,0x00000007804770a8,0x0000000780480000)
  to   space 25088K, 0% used [0x000000077d380000,0x000000077d380000,0x000000077ec00000)
 ParOldGen       total 292352K, used 67287K [0x00000006c4200000, 0x00000006d5f80000, 0x000000076c100000)
  object space 292352K, 23% used [0x00000006c4200000,0x00000006c83b5c18,0x00000006d5f80000)
 Metaspace       used 65849K, capacity 67948K, committed 68312K, reserved 1110016K
  class space    used 8291K, capacity 8672K, committed 8704K, reserved 1048576K
}

