# JRE version: Java(TM) SE Runtime Environment (8.0_261-b12) (build 1.8.0_261-b12)
# Java VM: Java HotSpot(TM) 64-Bit Server VM (25.261-b12 mixed mode windows-amd64 compressed oops)
Heap:
 PSYoungGen      total 134656K, used 20697K [0x000000076c100000, 0x0000000776900000, 0x00000007c0000000)
  eden space 97280K, 20% used [0x000000076c100000,0x000000076d4767a8,0x0000000772000000)
  from space 37376K, 2% used [0x0000000772000000,0x00000007720c0000,0x0000000774480000)
  to   space 36864K, 0% used [0x0000000774500000,0x0000000774500000,0x0000000776900000)
 ParOldGen       total 2220032K, used 2101883K [0x00000006c4200000, 0x000000074ba00000, 0x000000076c100000)
  object space 2220032K, 94% used [0x00000006c4200000,0x000000074469edb0,0x000000074ba00000)
 Metaspace       used 75782K, capacity 78104K, committed 78552K, reserved 1118208K
  class space    used 9436K, capacity 9850K, committed 9984K, reserved 1048576K
GC Heap History (10 events):
Event: 168916.432 GC heap before
{Heap before GC invocations=243 (full 4):
 PSYoungGen      total 132608K, used 111935K [0x000000076c100000, 0x0000000776800000, 0x00000007c0000000)
  eden space 94208K, 98% used [0x000000076c100000,0x0000000771bdf8b0,0x0000000771d00000)
  from space 38400K, 49% used [0x0000000774280000,0x00000007754f0440,0x0000000776800000)
  to   space 38400K, 0% used [0x0000000771d00000,0x0000000771d00000,0x0000000774280000)
 ParOldGen       total 2220032K, used 2101755K [0x00000006c4200000, 0x000000074ba00000, 0x000000076c100000)
  object space 2220032K, 94% used [0x00000006c4200000,0x000000074467edb0,0x000000074ba00000)
 Metaspace       used 75739K, capacity 78098K, committed 78552K, reserved 1118208K
  class space    used 9426K, capacity 9849K, committed 9984K, reserved 1048576K
Event: 168916.440 GC heap after
Heap after GC invocations=243 (full 4):
 PSYoungGen      total 132608K, used 18785K [0x000000076c100000, 0x0000000776a80000, 0x00000007c0000000)
  eden space 94208K, 0% used [0x000000076c100000,0x000000076c100000,0x0000000771d00000)
  from space 38400K, 48% used [0x0000000771d00000,0x0000000772f58440,0x0000000774280000)
  to   space 38912K, 0% used [0x0000000774480000,0x0000000774480000,0x0000000776a80000)
 ParOldGen       total 2220032K, used 2101811K [0x00000006c4200000, 0x000000074ba00000, 0x000000076c100000)
  object space 2220032K, 94% used [0x00000006c4200000,0x000000074468cdb0,0x000000074ba00000)
 Metaspace       used 75739K, capacity 78098K, committed 78552K, reserved 1118208K
  class space    used 9426K, capacity 9849K, committed 9984K, reserved 1048576K
}
Event: 168927.725 GC heap before
{Heap before GC invocations=244 (full 4):
 PSYoungGen      total 132608K, used 111527K [0x000000076c100000, 0x0000000776a80000, 0x00000007c0000000)
  eden space 94208K, 98% used [0x000000076c100000,0x0000000771b919c8,0x0000000771d00000)
  from space 38400K, 48% used [0x0000000771d00000,0x0000000772f58440,0x0000000774280000)
  to   space 38912K, 0% used [0x0000000774480000,0x0000000774480000,0x0000000776a80000)
 ParOldGen       total 2220032K, used 2101811K [0x00000006c4200000, 0x000000074ba00000, 0x000000076c100000)
  object space 2220032K, 94% used [0x00000006c4200000,0x000000074468cdb0,0x000000074ba00000)
 Metaspace       used 75739K, capacity 78098K, committed 78552K, reserved 1118208K
  class space    used 9426K, capacity 9849K, committed 9984K, reserved 1048576K
Event: 168927.731 GC heap after
Heap after GC invocations=244 (full 4):
 PSYoungGen      total 130560K, used 6571K [0x000000076c100000, 0x0000000776680000, 0x00000007c0000000)
  eden space 95744K, 0% used [0x000000076c100000,0x000000076c100000,0x0000000771e80000)
  from space 34816K, 18% used [0x0000000774480000,0x0000000774aeac20,0x0000000776680000)
  to   space 36864K, 0% used [0x0000000771e80000,0x0000000771e80000,0x0000000774280000)
 ParOldGen       total 2220032K, used 2101851K [0x00000006c4200000, 0x000000074ba00000, 0x000000076c100000)
  object space 2220032K, 94% used [0x00000006c4200000,0x0000000744696db0,0x000000074ba00000)
 Metaspace       used 75739K, capacity 78098K, committed 78552K, reserved 1118208K
  class space    used 9426K, capacity 9849K, committed 9984K, reserved 1048576K
}
Event: 168934.045 GC heap before
{Heap before GC invocations=245 (full 4):
 PSYoungGen      total 130560K, used 102315K [0x000000076c100000, 0x0000000776680000, 0x00000007c0000000)
  eden space 95744K, 100% used [0x000000076c100000,0x0000000771e80000,0x0000000771e80000)
  from space 34816K, 18% used [0x0000000774480000,0x0000000774aeac20,0x0000000776680000)
  to   space 36864K, 0% used [0x0000000771e80000,0x0000000771e80000,0x0000000774280000)
 ParOldGen       total 2220032K, used 2101851K [0x00000006c4200000, 0x000000074ba00000, 0x000000076c100000)
  object space 2220032K, 94% used [0x00000006c4200000,0x0000000744696db0,0x000000074ba00000)
 Metaspace       used 75739K, capacity 78098K, committed 78552K, reserved 1118208K
  class space    used 9426K, capacity 9849K, committed 9984K, reserved 1048576K
Event: 168934.051 GC heap after
Heap after GC invocations=245 (full 4):
 PSYoungGen      total 132608K, used 18721K [0x000000076c100000, 0x0000000776900000, 0x00000007c0000000)
  eden space 95744K, 0% used [0x000000076c100000,0x000000076c100000,0x0000000771e80000)
  from space 36864K, 50% used [0x0000000771e80000,0x00000007730c8440,0x0000000774280000)
  to   space 37376K, 0% used [0x0000000774480000,0x0000000774480000,0x0000000776900000)
 ParOldGen       total 2220032K, used 2101867K [0x00000006c4200000, 0x000000074ba00000, 0x000000076c100000)
  object space 2220032K, 94% used [0x00000006c4200000,0x000000074469adb0,0x000000074ba00000)
 Metaspace       used 75739K, capacity 78098K, committed 78552K, reserved 1118208K
  class space    used 9426K, capacity 9849K, committed 9984K, reserved 1048576K
}
Event: 168940.375 GC heap before
{Heap before GC invocations=246 (full 4):
 PSYoungGen      total 132608K, used 114465K [0x000000076c100000, 0x0000000776900000, 0x00000007c0000000)
  eden space 95744K, 100% used [0x000000076c100000,0x0000000771e80000,0x0000000771e80000)
  from space 36864K, 50% used [0x0000000771e80000,0x00000007730c8440,0x0000000774280000)
  to   space 37376K, 0% used [0x0000000774480000,0x0000000774480000,0x0000000776900000)
 ParOldGen       total 2220032K, used 2101867K [0x00000006c4200000, 0x000000074ba00000, 0x000000076c100000)
  object space 2220032K, 94% used [0x00000006c4200000,0x000000074469adb0,0x000000074ba00000)
 Metaspace       used 75739K, capacity 78098K, committed 78552K, reserved 1118208K
  class space    used 9426K, capacity 9849K, committed 9984K, reserved 1048576K
Event: 168940.382 GC heap after
Heap after GC invocations=246 (full 4):
 PSYoungGen      total 134656K, used 18721K [0x000000076c100000, 0x0000000776900000, 0x00000007c0000000)
  eden space 97280K, 0% used [0x000000076c100000,0x000000076c100000,0x0000000772000000)
  from space 37376K, 50% used [0x0000000774480000,0x00000007756c8440,0x0000000776900000)
  to   space 37376K, 0% used [0x0000000772000000,0x0000000772000000,0x0000000774480000)
 ParOldGen       total 2220032K, used 2101883K [0x00000006c4200000, 0x000000074ba00000, 0x000000076c100000)
  object space 2220032K, 94% used [0x00000006c4200000,0x000000074469edb0,0x000000074ba00000)
 Metaspace       used 75739K, capacity 78098K, committed 78552K, reserved 1118208K
  class space    used 9426K, capacity 9849K, committed 9984K, reserved 1048576K
}
Event: 169828.016 GC heap before
{Heap before GC invocations=247 (full 4):
 PSYoungGen      total 134656K, used 116001K [0x000000076c100000, 0x0000000776900000, 0x00000007c0000000)
  eden space 97280K, 100% used [0x000000076c100000,0x0000000772000000,0x0000000772000000)
  from space 37376K, 50% used [0x0000000774480000,0x00000007756c8440,0x0000000776900000)
  to   space 37376K, 0% used [0x0000000772000000,0x0000000772000000,0x0000000774480000)
 ParOldGen       total 2220032K, used 2101883K [0x00000006c4200000, 0x000000074ba00000, 0x000000076c100000)
  object space 2220032K, 94% used [0x00000006c4200000,0x000000074469edb0,0x000000074ba00000)
 Metaspace       used 75744K, capacity 78098K, committed 78552K, reserved 1118208K
  class space    used 9426K, capacity 9849K, committed 9984K, reserved 1048576K
Event: 169828.033 GC heap after
Heap after GC invocations=247 (full 4):
 PSYoungGen      total 134656K, used 768K [0x000000076c100000, 0x0000000776900000, 0x00000007c0000000)
  eden space 97280K, 0% used [0x000000076c100000,0x000000076c100000,0x0000000772000000)
  from space 37376K, 2% used [0x0000000772000000,0x00000007720c0000,0x0000000774480000)
  to   space 36864K, 0% used [0x0000000774500000,0x0000000774500000,0x0000000776900000)
 ParOldGen       total 2220032K, used 2101883K [0x00000006c4200000, 0x000000074ba00000, 0x000000076c100000)
  object space 2220032K, 94% used [0x00000006c4200000,0x000000074469edb0,0x000000074ba00000)
 Metaspace       used 75744K, capacity 78098K, committed 78552K, reserved 1118208K
  class space    used 9426K, capacity 9849K, committed 9984K, reserved 1048576K
}

