# JRE version: Java(TM) SE Runtime Environment (8.0_261-b12) (build 1.8.0_261-b12)
# Java VM: Java HotSpot(TM) 64-Bit Server VM (25.261-b12 mixed mode windows-amd64 compressed oops)
Heap:
 PSYoungGen      total 450560K, used 52525K [0x000000076c100000, 0x000000078ac00000, 0x00000007c0000000)
  eden space 432128K, 11% used [0x000000076c100000,0x000000076f11b608,0x0000000786700000)
  from space 18432K, 17% used [0x0000000789a00000,0x0000000789d30000,0x000000078ac00000)
  to   space 35328K, 0% used [0x0000000786700000,0x0000000786700000,0x0000000788980000)
 ParOldGen       total 578560K, used 131677K [0x00000006c4200000, 0x00000006e7700000, 0x000000076c100000)
  object space 578560K, 22% used [0x00000006c4200000,0x00000006cc297620,0x00000006e7700000)
 Metaspace       used 75922K, capacity 78326K, committed 78632K, reserved 1118208K
  class space    used 9513K, capacity 9955K, committed 10032K, reserved 1048576K
GC Heap History (10 events):
Event: 3450.957 GC heap before
{Heap before GC invocations=19 (full 5):
 PSYoungGen      total 424960K, used 3469K [0x000000076c100000, 0x0000000788800000, 0x00000007c0000000)
  eden space 407552K, 0% used [0x000000076c100000,0x000000076c100000,0x0000000784f00000)
  from space 17408K, 19% used [0x0000000787700000,0x0000000787a63460,0x0000000788800000)
  to   space 29184K, 0% used [0x0000000784f00000,0x0000000784f00000,0x0000000786b80000)
 ParOldGen       total 463872K, used 434671K [0x00000006c4200000, 0x00000006e0700000, 0x000000076c100000)
  object space 463872K, 93% used [0x00000006c4200000,0x00000006dea7bdd0,0x00000006e0700000)
 Metaspace       used 75190K, capacity 77482K, committed 77736K, reserved 1118208K
  class space    used 9424K, capacity 9841K, committed 9904K, reserved 1048576K
Event: 3451.052 GC heap after
Heap after GC invocations=19 (full 5):
 PSYoungGen      total 424960K, used 0K [0x000000076c100000, 0x0000000788800000, 0x00000007c0000000)
  eden space 407552K, 0% used [0x000000076c100000,0x000000076c100000,0x0000000784f00000)
  from space 17408K, 0% used [0x0000000787700000,0x0000000787700000,0x0000000788800000)
  to   space 29184K, 0% used [0x0000000784f00000,0x0000000784f00000,0x0000000786b80000)
 ParOldGen       total 578560K, used 107958K [0x00000006c4200000, 0x00000006e7700000, 0x000000076c100000)
  object space 578560K, 18% used [0x00000006c4200000,0x00000006cab6dbd8,0x00000006e7700000)
 Metaspace       used 75190K, capacity 77482K, committed 77736K, reserved 1118208K
  class space    used 9424K, capacity 9841K, committed 9904K, reserved 1048576K
}
Event: 4708.602 GC heap before
{Heap before GC invocations=20 (full 5):
 PSYoungGen      total 424960K, used 407552K [0x000000076c100000, 0x0000000788800000, 0x00000007c0000000)
  eden space 407552K, 100% used [0x000000076c100000,0x0000000784f00000,0x0000000784f00000)
  from space 17408K, 0% used [0x0000000787700000,0x0000000787700000,0x0000000788800000)
  to   space 29184K, 0% used [0x0000000784f00000,0x0000000784f00000,0x0000000786b80000)
 ParOldGen       total 578560K, used 107958K [0x00000006c4200000, 0x00000006e7700000, 0x000000076c100000)
  object space 578560K, 18% used [0x00000006c4200000,0x00000006cab6dbd8,0x00000006e7700000)
 Metaspace       used 75522K, capacity 77950K, committed 78120K, reserved 1118208K
  class space    used 9481K, capacity 9919K, committed 10032K, reserved 1048576K
Event: 4708.626 GC heap after
Heap after GC invocations=20 (full 5):
 PSYoungGen      total 436736K, used 1442K [0x000000076c100000, 0x000000078c480000, 0x00000007c0000000)
  eden space 407552K, 0% used [0x000000076c100000,0x000000076c100000,0x0000000784f00000)
  from space 29184K, 4% used [0x0000000784f00000,0x0000000785068910,0x0000000786b80000)
  to   space 29184K, 0% used [0x000000078a800000,0x000000078a800000,0x000000078c480000)
 ParOldGen       total 578560K, used 107966K [0x00000006c4200000, 0x00000006e7700000, 0x000000076c100000)
  object space 578560K, 18% used [0x00000006c4200000,0x00000006cab6fbd8,0x00000006e7700000)
 Metaspace       used 75522K, capacity 77950K, committed 78120K, reserved 1118208K
  class space    used 9481K, capacity 9919K, committed 10032K, reserved 1048576K
}
Event: 7016.978 GC heap before
{Heap before GC invocations=21 (full 5):
 PSYoungGen      total 436736K, used 401838K [0x000000076c100000, 0x000000078c480000, 0x00000007c0000000)
  eden space 407552K, 98% used [0x000000076c100000,0x0000000784803278,0x0000000784f00000)
  from space 29184K, 4% used [0x0000000784f00000,0x0000000785068910,0x0000000786b80000)
  to   space 29184K, 0% used [0x000000078a800000,0x000000078a800000,0x000000078c480000)
 ParOldGen       total 578560K, used 107966K [0x00000006c4200000, 0x00000006e7700000, 0x000000076c100000)
  object space 578560K, 18% used [0x00000006c4200000,0x00000006cab6fbd8,0x00000006e7700000)
 Metaspace       used 75525K, capacity 77950K, committed 78120K, reserved 1118208K
  class space    used 9481K, capacity 9919K, committed 10032K, reserved 1048576K
Event: 7017.006 GC heap after
Heap after GC invocations=21 (full 5):
 PSYoungGen      total 482304K, used 25078K [0x000000076c100000, 0x000000078c080000, 0x00000007c0000000)
  eden space 457216K, 0% used [0x000000076c100000,0x000000076c100000,0x0000000787f80000)
  from space 25088K, 99% used [0x000000078a800000,0x000000078c07da58,0x000000078c080000)
  to   space 32768K, 0% used [0x0000000788080000,0x0000000788080000,0x000000078a080000)
 ParOldGen       total 578560K, used 131661K [0x00000006c4200000, 0x00000006e7700000, 0x000000076c100000)
  object space 578560K, 22% used [0x00000006c4200000,0x00000006cc293620,0x00000006e7700000)
 Metaspace       used 75525K, capacity 77950K, committed 78120K, reserved 1118208K
  class space    used 9481K, capacity 9919K, committed 10032K, reserved 1048576K
}
Event: 15199.127 GC heap before
{Heap before GC invocations=22 (full 5):
 PSYoungGen      total 482304K, used 476733K [0x000000076c100000, 0x000000078c080000, 0x00000007c0000000)
  eden space 457216K, 98% used [0x000000076c100000,0x0000000787a11c88,0x0000000787f80000)
  from space 25088K, 99% used [0x000000078a800000,0x000000078c07da58,0x000000078c080000)
  to   space 32768K, 0% used [0x0000000788080000,0x0000000788080000,0x000000078a080000)
 ParOldGen       total 578560K, used 131661K [0x00000006c4200000, 0x00000006e7700000, 0x000000076c100000)
  object space 578560K, 22% used [0x00000006c4200000,0x00000006cc293620,0x00000006e7700000)
 Metaspace       used 75572K, capacity 77962K, committed 78120K, reserved 1118208K
  class space    used 9482K, capacity 9921K, committed 10032K, reserved 1048576K
Event: 15199.147 GC heap after
Heap after GC invocations=22 (full 5):
 PSYoungGen      total 470528K, used 25846K [0x000000076c100000, 0x000000078b800000, 0x00000007c0000000)
  eden space 444416K, 0% used [0x000000076c100000,0x000000076c100000,0x0000000787300000)
  from space 26112K, 98% used [0x0000000788080000,0x00000007899bda58,0x0000000789a00000)
  to   space 30720K, 0% used [0x0000000789a00000,0x0000000789a00000,0x000000078b800000)
 ParOldGen       total 578560K, used 131669K [0x00000006c4200000, 0x00000006e7700000, 0x000000076c100000)
  object space 578560K, 22% used [0x00000006c4200000,0x00000006cc295620,0x00000006e7700000)
 Metaspace       used 75572K, capacity 77962K, committed 78120K, reserved 1118208K
  class space    used 9482K, capacity 9921K, committed 10032K, reserved 1048576K
}
Event: 30665.115 GC heap before
{Heap before GC invocations=23 (full 5):
 PSYoungGen      total 470528K, used 470262K [0x000000076c100000, 0x000000078b800000, 0x00000007c0000000)
  eden space 444416K, 100% used [0x000000076c100000,0x0000000787300000,0x0000000787300000)
  from space 26112K, 98% used [0x0000000788080000,0x00000007899bda58,0x0000000789a00000)
  to   space 30720K, 0% used [0x0000000789a00000,0x0000000789a00000,0x000000078b800000)
 ParOldGen       total 578560K, used 131669K [0x00000006c4200000, 0x00000006e7700000, 0x000000076c100000)
  object space 578560K, 22% used [0x00000006c4200000,0x00000006cc295620,0x00000006e7700000)
 Metaspace       used 75765K, capacity 78154K, committed 78376K, reserved 1118208K
  class space    used 9484K, capacity 9921K, committed 10032K, reserved 1048576K
Event: 30665.137 GC heap after
Heap after GC invocations=23 (full 5):
 PSYoungGen      total 450560K, used 3264K [0x000000076c100000, 0x000000078ac00000, 0x00000007c0000000)
  eden space 432128K, 0% used [0x000000076c100000,0x000000076c100000,0x0000000786700000)
  from space 18432K, 17% used [0x0000000789a00000,0x0000000789d30000,0x000000078ac00000)
  to   space 35328K, 0% used [0x0000000786700000,0x0000000786700000,0x0000000788980000)
 ParOldGen       total 578560K, used 131677K [0x00000006c4200000, 0x00000006e7700000, 0x000000076c100000)
  object space 578560K, 22% used [0x00000006c4200000,0x00000006cc297620,0x00000006e7700000)
 Metaspace       used 75765K, capacity 78154K, committed 78376K, reserved 1118208K
  class space    used 9484K, capacity 9921K, committed 10032K, reserved 1048576K
}

