# JRE version: Java(TM) SE Runtime Environment (8.0_261-b12) (build 1.8.0_261-b12)
# Java VM: Java HotSpot(TM) 64-Bit Server VM (25.261-b12 mixed mode windows-amd64 compressed oops)
Heap:
 PSYoungGen      total 510464K, used 291208K [0x000000076c100000, 0x0000000790f80000, 0x00000007c0000000)
  eden space 504832K, 56% used [0x000000076c100000,0x000000077d7f8e20,0x000000078ae00000)
  from space 5632K, 98% used [0x0000000790a00000,0x0000000790f693c0,0x0000000790f80000)
  to   space 36864K, 0% used [0x000000078c780000,0x000000078c780000,0x000000078eb80000)
 ParOldGen       total 197632K, used 138818K [0x00000006c4200000, 0x00000006d0300000, 0x000000076c100000)
  object space 197632K, 70% used [0x00000006c4200000,0x00000006cc990810,0x00000006d0300000)
 Metaspace       used 75008K, capacity 77476K, committed 77656K, reserved 1118208K
  class space    used 9396K, capacity 9831K, committed 9856K, reserved 1048576K
GC Heap History (10 events):
Event: 12289.882 GC heap before
{Heap before GC invocations=17 (full 3):
 PSYoungGen      total 627200K, used 617071K [0x000000076c100000, 0x0000000796200000, 0x00000007c0000000)
  eden space 623616K, 98% used [0x000000076c100000,0x0000000791862858,0x0000000792200000)
  from space 3584K, 92% used [0x0000000793d00000,0x00000007940393c0,0x0000000794080000)
  to   space 32768K, 0% used [0x0000000794200000,0x0000000794200000,0x0000000796200000)
 ParOldGen       total 197632K, used 125413K [0x00000006c4200000, 0x00000006d0300000, 0x000000076c100000)
  object space 197632K, 63% used [0x00000006c4200000,0x00000006cbc79400,0x00000006d0300000)
 Metaspace       used 74453K, capacity 76822K, committed 77144K, reserved 1116160K
  class space    used 9338K, capacity 9769K, committed 9856K, reserved 1048576K
Event: 12289.895 GC heap after
Heap after GC invocations=17 (full 3):
 PSYoungGen      total 628224K, used 30622K [0x000000076c100000, 0x0000000796000000, 0x00000007c0000000)
  eden space 597504K, 0% used [0x000000076c100000,0x000000076c100000,0x0000000790880000)
  from space 30720K, 99% used [0x0000000794200000,0x0000000795fe7bf0,0x0000000796000000)
  to   space 37376K, 0% used [0x0000000791700000,0x0000000791700000,0x0000000793b80000)
 ParOldGen       total 197632K, used 138786K [0x00000006c4200000, 0x00000006d0300000, 0x000000076c100000)
  object space 197632K, 70% used [0x00000006c4200000,0x00000006cc988810,0x00000006d0300000)
 Metaspace       used 74453K, capacity 76822K, committed 77144K, reserved 1116160K
  class space    used 9338K, capacity 9769K, committed 9856K, reserved 1048576K
}
Event: 13737.312 GC heap before
{Heap before GC invocations=18 (full 3):
 PSYoungGen      total 628224K, used 625999K [0x000000076c100000, 0x0000000796000000, 0x00000007c0000000)
  eden space 597504K, 99% used [0x000000076c100000,0x000000079066c348,0x0000000790880000)
  from space 30720K, 99% used [0x0000000794200000,0x0000000795fe7bf0,0x0000000796000000)
  to   space 37376K, 0% used [0x0000000791700000,0x0000000791700000,0x0000000793b80000)
 ParOldGen       total 197632K, used 138786K [0x00000006c4200000, 0x00000006d0300000, 0x000000076c100000)
  object space 197632K, 70% used [0x00000006c4200000,0x00000006cc988810,0x00000006d0300000)
 Metaspace       used 74481K, capacity 76822K, committed 77144K, reserved 1116160K
  class space    used 9341K, capacity 9769K, committed 9856K, reserved 1048576K
Event: 13737.320 GC heap after
Heap after GC invocations=18 (full 3):
 PSYoungGen      total 596480K, used 23842K [0x000000076c100000, 0x0000000794280000, 0x00000007c0000000)
  eden space 572416K, 0% used [0x000000076c100000,0x000000076c100000,0x000000078f000000)
  from space 24064K, 99% used [0x0000000791700000,0x0000000792e48840,0x0000000792e80000)
  to   space 20480K, 0% used [0x0000000792e80000,0x0000000792e80000,0x0000000794280000)
 ParOldGen       total 197632K, used 138794K [0x00000006c4200000, 0x00000006d0300000, 0x000000076c100000)
  object space 197632K, 70% used [0x00000006c4200000,0x00000006cc98a810,0x00000006d0300000)
 Metaspace       used 74481K, capacity 76822K, committed 77144K, reserved 1116160K
  class space    used 9341K, capacity 9769K, committed 9856K, reserved 1048576K
}
Event: 17530.986 GC heap before
{Heap before GC invocations=19 (full 3):
 PSYoungGen      total 596480K, used 591088K [0x000000076c100000, 0x0000000794280000, 0x00000007c0000000)
  eden space 572416K, 99% used [0x000000076c100000,0x000000078eaf3a50,0x000000078f000000)
  from space 24064K, 99% used [0x0000000791700000,0x0000000792e48840,0x0000000792e80000)
  to   space 20480K, 0% used [0x0000000792e80000,0x0000000792e80000,0x0000000794280000)
 ParOldGen       total 197632K, used 138794K [0x00000006c4200000, 0x00000006d0300000, 0x000000076c100000)
  object space 197632K, 70% used [0x00000006c4200000,0x00000006cc98a810,0x00000006d0300000)
 Metaspace       used 74787K, capacity 77254K, committed 77400K, reserved 1116160K
  class space    used 9372K, capacity 9826K, committed 9856K, reserved 1048576K
Event: 17531.015 GC heap after
Heap after GC invocations=19 (full 3):
 PSYoungGen      total 552960K, used 3748K [0x000000076c100000, 0x0000000793280000, 0x00000007c0000000)
  eden space 548864K, 0% used [0x000000076c100000,0x000000076c100000,0x000000078d900000)
  from space 4096K, 91% used [0x0000000792e80000,0x00000007932293e0,0x0000000793280000)
  to   space 38400K, 0% used [0x000000078e780000,0x000000078e780000,0x0000000790d00000)
 ParOldGen       total 197632K, used 138802K [0x00000006c4200000, 0x00000006d0300000, 0x000000076c100000)
  object space 197632K, 70% used [0x00000006c4200000,0x00000006cc98c810,0x00000006d0300000)
 Metaspace       used 74787K, capacity 77254K, committed 77400K, reserved 1116160K
  class space    used 9372K, capacity 9826K, committed 9856K, reserved 1048576K
}
Event: 22337.139 GC heap before
{Heap before GC invocations=20 (full 3):
 PSYoungGen      total 552960K, used 552612K [0x000000076c100000, 0x0000000793280000, 0x00000007c0000000)
  eden space 548864K, 100% used [0x000000076c100000,0x000000078d900000,0x000000078d900000)
  from space 4096K, 91% used [0x0000000792e80000,0x00000007932293e0,0x0000000793280000)
  to   space 38400K, 0% used [0x000000078e780000,0x000000078e780000,0x0000000790d00000)
 ParOldGen       total 197632K, used 138802K [0x00000006c4200000, 0x00000006d0300000, 0x000000076c100000)
  object space 197632K, 70% used [0x00000006c4200000,0x00000006cc98c810,0x00000006d0300000)
 Metaspace       used 74872K, capacity 77330K, committed 77400K, reserved 1116160K
  class space    used 9373K, capacity 9828K, committed 9856K, reserved 1048576K
Event: 22337.156 GC heap after
Heap after GC invocations=20 (full 3):
 PSYoungGen      total 529920K, used 3156K [0x000000076c100000, 0x0000000792f00000, 0x00000007c0000000)
  eden space 526336K, 0% used [0x000000076c100000,0x000000076c100000,0x000000078c300000)
  from space 3584K, 88% used [0x000000078e780000,0x000000078ea953d0,0x000000078eb00000)
  to   space 37888K, 0% used [0x0000000790a00000,0x0000000790a00000,0x0000000792f00000)
 ParOldGen       total 197632K, used 138810K [0x00000006c4200000, 0x00000006d0300000, 0x000000076c100000)
  object space 197632K, 70% used [0x00000006c4200000,0x00000006cc98e810,0x00000006d0300000)
 Metaspace       used 74872K, capacity 77330K, committed 77400K, reserved 1116160K
  class space    used 9373K, capacity 9828K, committed 9856K, reserved 1048576K
}
Event: 37761.210 GC heap before
{Heap before GC invocations=21 (full 3):
 PSYoungGen      total 529920K, used 529492K [0x000000076c100000, 0x0000000792f00000, 0x00000007c0000000)
  eden space 526336K, 100% used [0x000000076c100000,0x000000078c300000,0x000000078c300000)
  from space 3584K, 88% used [0x000000078e780000,0x000000078ea953d0,0x000000078eb00000)
  to   space 37888K, 0% used [0x0000000790a00000,0x0000000790a00000,0x0000000792f00000)
 ParOldGen       total 197632K, used 138810K [0x00000006c4200000, 0x00000006d0300000, 0x000000076c100000)
  object space 197632K, 70% used [0x00000006c4200000,0x00000006cc98e810,0x00000006d0300000)
 Metaspace       used 74895K, capacity 77400K, committed 77656K, reserved 1118208K
  class space    used 9374K, capacity 9829K, committed 9856K, reserved 1048576K
Event: 37761.231 GC heap after
Heap after GC invocations=21 (full 3):
 PSYoungGen      total 510464K, used 5540K [0x000000076c100000, 0x0000000790f80000, 0x00000007c0000000)
  eden space 504832K, 0% used [0x000000076c100000,0x000000076c100000,0x000000078ae00000)
  from space 5632K, 98% used [0x0000000790a00000,0x0000000790f693c0,0x0000000790f80000)
  to   space 36864K, 0% used [0x000000078c780000,0x000000078c780000,0x000000078eb80000)
 ParOldGen       total 197632K, used 138818K [0x00000006c4200000, 0x00000006d0300000, 0x000000076c100000)
  object space 197632K, 70% used [0x00000006c4200000,0x00000006cc990810,0x00000006d0300000)
 Metaspace       used 74895K, capacity 77400K, committed 77656K, reserved 1118208K
  class space    used 9374K, capacity 9829K, committed 9856K, reserved 1048576K
}

