# JRE version: Java(TM) SE Runtime Environment (8.0_261-b12) (build 1.8.0_261-b12)
# Java VM: Java HotSpot(TM) 64-Bit Server VM (25.261-b12 mixed mode windows-amd64 compressed oops)
Heap:
 PSYoungGen      total 252416K, used 60174K [0x000000076c100000, 0x000000077df80000, 0x00000007c0000000)
  eden space 218112K, 16% used [0x000000076c100000,0x000000076e3d4c28,0x0000000779600000)
  from space 34304K, 71% used [0x0000000779600000,0x000000077adeeee0,0x000000077b780000)
  to   space 37376K, 0% used [0x000000077bb00000,0x000000077bb00000,0x000000077df80000)
 ParOldGen       total 438784K, used 176907K [0x00000006c4200000, 0x00000006dee80000, 0x000000076c100000)
  object space 438784K, 40% used [0x00000006c4200000,0x00000006ceec2e70,0x00000006dee80000)
 Metaspace       used 77719K, capacity 80152K, committed 80600K, reserved 1120256K
  class space    used 9714K, capacity 10134K, committed 10240K, reserved 1048576K
GC Heap History (10 events):
Event: 41259.555 GC heap before
{Heap before GC invocations=49 (full 4):
 PSYoungGen      total 251904K, used 218489K [0x000000076c100000, 0x000000077db00000, 0x00000007c0000000)
  eden space 217088K, 99% used [0x000000076c100000,0x00000007794fe618,0x0000000779500000)
  from space 34816K, 4% used [0x000000077b900000,0x000000077ba60000,0x000000077db00000)
  to   space 35840K, 0% used [0x0000000779500000,0x0000000779500000,0x000000077b800000)
 ParOldGen       total 438784K, used 176675K [0x00000006c4200000, 0x00000006dee80000, 0x000000076c100000)
  object space 438784K, 40% used [0x00000006c4200000,0x00000006cee88e60,0x00000006dee80000)
 Metaspace       used 77503K, capacity 79936K, committed 80600K, reserved 1120256K
  class space    used 9687K, capacity 10092K, committed 10240K, reserved 1048576K
Event: 41259.570 GC heap after
Heap after GC invocations=49 (full 4):
 PSYoungGen      total 218624K, used 1152K [0x000000076c100000, 0x000000077d980000, 0x00000007c0000000)
  eden space 217088K, 0% used [0x000000076c100000,0x000000076c100000,0x0000000779500000)
  from space 1536K, 75% used [0x0000000779500000,0x0000000779620000,0x0000000779680000)
  to   space 34816K, 0% used [0x000000077b780000,0x000000077b780000,0x000000077d980000)
 ParOldGen       total 438784K, used 176715K [0x00000006c4200000, 0x00000006dee80000, 0x000000076c100000)
  object space 438784K, 40% used [0x00000006c4200000,0x00000006cee92e60,0x00000006dee80000)
 Metaspace       used 77503K, capacity 79936K, committed 80600K, reserved 1120256K
  class space    used 9687K, capacity 10092K, committed 10240K, reserved 1048576K
}
Event: 41289.732 GC heap before
{Heap before GC invocations=50 (full 4):
 PSYoungGen      total 218624K, used 218233K [0x000000076c100000, 0x000000077d980000, 0x00000007c0000000)
  eden space 217088K, 99% used [0x000000076c100000,0x00000007794fe508,0x0000000779500000)
  from space 1536K, 75% used [0x0000000779500000,0x0000000779620000,0x0000000779680000)
  to   space 34816K, 0% used [0x000000077b780000,0x000000077b780000,0x000000077d980000)
 ParOldGen       total 438784K, used 176715K [0x00000006c4200000, 0x00000006dee80000, 0x000000076c100000)
  object space 438784K, 40% used [0x00000006c4200000,0x00000006cee92e60,0x00000006dee80000)
 Metaspace       used 77548K, capacity 79986K, committed 80600K, reserved 1120256K
  class space    used 9694K, capacity 10101K, committed 10240K, reserved 1048576K
Event: 41289.736 GC heap after
Heap after GC invocations=50 (full 4):
 PSYoungGen      total 250368K, used 800K [0x000000076c100000, 0x000000077d780000, 0x00000007c0000000)
  eden space 217600K, 0% used [0x000000076c100000,0x000000076c100000,0x0000000779580000)
  from space 32768K, 2% used [0x000000077b780000,0x000000077b848000,0x000000077d780000)
  to   space 33792K, 0% used [0x0000000779580000,0x0000000779580000,0x000000077b680000)
 ParOldGen       total 438784K, used 176763K [0x00000006c4200000, 0x00000006dee80000, 0x000000076c100000)
  object space 438784K, 40% used [0x00000006c4200000,0x00000006cee9ee60,0x00000006dee80000)
 Metaspace       used 77548K, capacity 79986K, committed 80600K, reserved 1120256K
  class space    used 9694K, capacity 10101K, committed 10240K, reserved 1048576K
}
Event: 41440.106 GC heap before
{Heap before GC invocations=51 (full 4):
 PSYoungGen      total 250368K, used 218400K [0x000000076c100000, 0x000000077d780000, 0x00000007c0000000)
  eden space 217600K, 100% used [0x000000076c100000,0x0000000779580000,0x0000000779580000)
  from space 32768K, 2% used [0x000000077b780000,0x000000077b848000,0x000000077d780000)
  to   space 33792K, 0% used [0x0000000779580000,0x0000000779580000,0x000000077b680000)
 ParOldGen       total 438784K, used 176763K [0x00000006c4200000, 0x00000006dee80000, 0x000000076c100000)
  object space 438784K, 40% used [0x00000006c4200000,0x00000006cee9ee60,0x00000006dee80000)
 Metaspace       used 77647K, capacity 80146K, committed 80600K, reserved 1120256K
  class space    used 9704K, capacity 10133K, committed 10240K, reserved 1048576K
Event: 41440.128 GC heap after
Heap after GC invocations=51 (full 4):
 PSYoungGen      total 251392K, used 18985K [0x000000076c100000, 0x000000077db00000, 0x00000007c0000000)
  eden space 217600K, 0% used [0x000000076c100000,0x000000076c100000,0x0000000779580000)
  from space 33792K, 56% used [0x0000000779580000,0x000000077a80a790,0x000000077b680000)
  to   space 35328K, 0% used [0x000000077b880000,0x000000077b880000,0x000000077db00000)
 ParOldGen       total 438784K, used 176803K [0x00000006c4200000, 0x00000006dee80000, 0x000000076c100000)
  object space 438784K, 40% used [0x00000006c4200000,0x00000006ceea8e60,0x00000006dee80000)
 Metaspace       used 77647K, capacity 80146K, committed 80600K, reserved 1120256K
  class space    used 9704K, capacity 10133K, committed 10240K, reserved 1048576K
}
Event: 41749.755 GC heap before
{Heap before GC invocations=52 (full 4):
 PSYoungGen      total 251392K, used 236585K [0x000000076c100000, 0x000000077db00000, 0x00000007c0000000)
  eden space 217600K, 100% used [0x000000076c100000,0x0000000779580000,0x0000000779580000)
  from space 33792K, 56% used [0x0000000779580000,0x000000077a80a790,0x000000077b680000)
  to   space 35328K, 0% used [0x000000077b880000,0x000000077b880000,0x000000077db00000)
 ParOldGen       total 438784K, used 176803K [0x00000006c4200000, 0x00000006dee80000, 0x000000076c100000)
  object space 438784K, 40% used [0x00000006c4200000,0x00000006ceea8e60,0x00000006dee80000)
 Metaspace       used 77647K, capacity 80146K, committed 80600K, reserved 1120256K
  class space    used 9704K, capacity 10133K, committed 10240K, reserved 1048576K
Event: 41749.758 GC heap after
Heap after GC invocations=52 (full 4):
 PSYoungGen      total 251392K, used 1313K [0x000000076c100000, 0x000000077d900000, 0x00000007c0000000)
  eden space 218112K, 0% used [0x000000076c100000,0x000000076c100000,0x0000000779600000)
  from space 33280K, 3% used [0x000000077b880000,0x000000077b9c86f8,0x000000077d900000)
  to   space 34304K, 0% used [0x0000000779600000,0x0000000779600000,0x000000077b780000)
 ParOldGen       total 438784K, used 176851K [0x00000006c4200000, 0x00000006dee80000, 0x000000076c100000)
  object space 438784K, 40% used [0x00000006c4200000,0x00000006ceeb4e70,0x00000006dee80000)
 Metaspace       used 77647K, capacity 80146K, committed 80600K, reserved 1120256K
  class space    used 9704K, capacity 10133K, committed 10240K, reserved 1048576K
}
Event: 41912.874 GC heap before
{Heap before GC invocations=53 (full 4):
 PSYoungGen      total 251392K, used 219423K [0x000000076c100000, 0x000000077d900000, 0x00000007c0000000)
  eden space 218112K, 99% used [0x000000076c100000,0x00000007795ff8a8,0x0000000779600000)
  from space 33280K, 3% used [0x000000077b880000,0x000000077b9c86f8,0x000000077d900000)
  to   space 34304K, 0% used [0x0000000779600000,0x0000000779600000,0x000000077b780000)
 ParOldGen       total 438784K, used 176851K [0x00000006c4200000, 0x00000006dee80000, 0x000000076c100000)
  object space 438784K, 40% used [0x00000006c4200000,0x00000006ceeb4e70,0x00000006dee80000)
 Metaspace       used 77719K, capacity 80152K, committed 80600K, reserved 1120256K
  class space    used 9714K, capacity 10134K, committed 10240K, reserved 1048576K
Event: 41912.917 GC heap after
Heap after GC invocations=53 (full 4):
 PSYoungGen      total 252416K, used 24507K [0x000000076c100000, 0x000000077df80000, 0x00000007c0000000)
  eden space 218112K, 0% used [0x000000076c100000,0x000000076c100000,0x0000000779600000)
  from space 34304K, 71% used [0x0000000779600000,0x000000077adeeee0,0x000000077b780000)
  to   space 37376K, 0% used [0x000000077bb00000,0x000000077bb00000,0x000000077df80000)
 ParOldGen       total 438784K, used 176907K [0x00000006c4200000, 0x00000006dee80000, 0x000000076c100000)
  object space 438784K, 40% used [0x00000006c4200000,0x00000006ceec2e70,0x00000006dee80000)
 Metaspace       used 77719K, capacity 80152K, committed 80600K, reserved 1120256K
  class space    used 9714K, capacity 10134K, committed 10240K, reserved 1048576K
}

