# JRE version: Java(TM) SE Runtime Environment (8.0_261-b12) (build 1.8.0_261-b12)
# Java VM: Java HotSpot(TM) 64-Bit Server VM (25.261-b12 mixed mode windows-amd64 compressed oops)
Heap:
 PSYoungGen      total 282624K, used 228885K [0x000000076c100000, 0x0000000780180000, 0x00000007c0000000)
  eden space 254464K, 82% used [0x000000076c100000,0x0000000778cfd678,0x000000077b980000)
  from space 28160K, 71% used [0x000000077e600000,0x000000077f987f38,0x0000000780180000)
  to   space 36864K, 0% used [0x000000077b980000,0x000000077b980000,0x000000077dd80000)
 ParOldGen       total 275456K, used 98557K [0x00000006c4200000, 0x00000006d4f00000, 0x000000076c100000)
  object space 275456K, 35% used [0x00000006c4200000,0x00000006ca23f508,0x00000006d4f00000)
 Metaspace       used 75800K, capacity 78188K, committed 78296K, reserved 1118208K
  class space    used 9462K, capacity 9912K, committed 9984K, reserved 1048576K
GC Heap History (10 events):
Event: 4838.297 GC heap before
{Heap before GC invocations=17 (full 3):
 PSYoungGen      total 320000K, used 319884K [0x000000076c100000, 0x0000000783a00000, 0x00000007c0000000)
  eden space 293888K, 100% used [0x000000076c100000,0x000000077e000000,0x000000077e000000)
  from space 26112K, 99% used [0x0000000780100000,0x0000000781a63270,0x0000000781a80000)
  to   space 32256K, 0% used [0x0000000781a80000,0x0000000781a80000,0x0000000783a00000)
 ParOldGen       total 275456K, used 98517K [0x00000006c4200000, 0x00000006d4f00000, 0x000000076c100000)
  object space 275456K, 35% used [0x00000006c4200000,0x00000006ca235508,0x00000006d4f00000)
 Metaspace       used 75312K, capacity 77678K, committed 78040K, reserved 1118208K
  class space    used 9439K, capacity 9875K, committed 9984K, reserved 1048576K
Event: 4838.306 GC heap after
Heap after GC invocations=17 (full 3):
 PSYoungGen      total 311296K, used 25628K [0x000000076c100000, 0x0000000783400000, 0x00000007c0000000)
  eden space 285184K, 0% used [0x000000076c100000,0x000000076c100000,0x000000077d780000)
  from space 26112K, 98% used [0x0000000781a80000,0x0000000783387260,0x0000000783400000)
  to   space 43520K, 0% used [0x000000077df00000,0x000000077df00000,0x0000000780980000)
 ParOldGen       total 275456K, used 98525K [0x00000006c4200000, 0x00000006d4f00000, 0x000000076c100000)
  object space 275456K, 35% used [0x00000006c4200000,0x00000006ca237508,0x00000006d4f00000)
 Metaspace       used 75312K, capacity 77678K, committed 78040K, reserved 1118208K
  class space    used 9439K, capacity 9875K, committed 9984K, reserved 1048576K
}
Event: 6420.161 GC heap before
{Heap before GC invocations=18 (full 3):
 PSYoungGen      total 311296K, used 307352K [0x000000076c100000, 0x0000000783400000, 0x00000007c0000000)
  eden space 285184K, 98% used [0x000000076c100000,0x000000077d41eff0,0x000000077d780000)
  from space 26112K, 98% used [0x0000000781a80000,0x0000000783387260,0x0000000783400000)
  to   space 43520K, 0% used [0x000000077df00000,0x000000077df00000,0x0000000780980000)
 ParOldGen       total 275456K, used 98525K [0x00000006c4200000, 0x00000006d4f00000, 0x000000076c100000)
  object space 275456K, 35% used [0x00000006c4200000,0x00000006ca237508,0x00000006d4f00000)
 Metaspace       used 75445K, capacity 77850K, committed 78040K, reserved 1118208K
  class space    used 9456K, capacity 9909K, committed 9984K, reserved 1048576K
Event: 6420.171 GC heap after
Heap after GC invocations=18 (full 3):
 PSYoungGen      total 295424K, used 18166K [0x000000076c100000, 0x0000000781f80000, 0x00000007c0000000)
  eden space 276992K, 0% used [0x000000076c100000,0x000000076c100000,0x000000077cf80000)
  from space 18432K, 98% used [0x000000077df00000,0x000000077f0bd820,0x000000077f100000)
  to   space 40960K, 0% used [0x000000077f780000,0x000000077f780000,0x0000000781f80000)
 ParOldGen       total 275456K, used 98533K [0x00000006c4200000, 0x00000006d4f00000, 0x000000076c100000)
  object space 275456K, 35% used [0x00000006c4200000,0x00000006ca239508,0x00000006d4f00000)
 Metaspace       used 75445K, capacity 77850K, committed 78040K, reserved 1118208K
  class space    used 9456K, capacity 9909K, committed 9984K, reserved 1048576K
}
Event: 9559.245 GC heap before
{Heap before GC invocations=19 (full 3):
 PSYoungGen      total 295424K, used 295158K [0x000000076c100000, 0x0000000781f80000, 0x00000007c0000000)
  eden space 276992K, 100% used [0x000000076c100000,0x000000077cf80000,0x000000077cf80000)
  from space 18432K, 98% used [0x000000077df00000,0x000000077f0bd820,0x000000077f100000)
  to   space 40960K, 0% used [0x000000077f780000,0x000000077f780000,0x0000000781f80000)
 ParOldGen       total 275456K, used 98533K [0x00000006c4200000, 0x00000006d4f00000, 0x000000076c100000)
  object space 275456K, 35% used [0x00000006c4200000,0x00000006ca239508,0x00000006d4f00000)
 Metaspace       used 75461K, capacity 77850K, committed 78040K, reserved 1118208K
  class space    used 9456K, capacity 9909K, committed 9984K, reserved 1048576K
Event: 9559.267 GC heap after
Heap after GC invocations=19 (full 3):
 PSYoungGen      total 301568K, used 22972K [0x000000076c100000, 0x0000000781700000, 0x00000007c0000000)
  eden space 269312K, 0% used [0x000000076c100000,0x000000076c100000,0x000000077c800000)
  from space 32256K, 71% used [0x000000077f780000,0x0000000780def100,0x0000000781700000)
  to   space 40448K, 0% used [0x000000077c800000,0x000000077c800000,0x000000077ef80000)
 ParOldGen       total 275456K, used 98541K [0x00000006c4200000, 0x00000006d4f00000, 0x000000076c100000)
  object space 275456K, 35% used [0x00000006c4200000,0x00000006ca23b508,0x00000006d4f00000)
 Metaspace       used 75461K, capacity 77850K, committed 78040K, reserved 1118208K
  class space    used 9456K, capacity 9909K, committed 9984K, reserved 1048576K
}
Event: 17169.228 GC heap before
{Heap before GC invocations=20 (full 3):
 PSYoungGen      total 301568K, used 292284K [0x000000076c100000, 0x0000000781700000, 0x00000007c0000000)
  eden space 269312K, 100% used [0x000000076c100000,0x000000077c800000,0x000000077c800000)
  from space 32256K, 71% used [0x000000077f780000,0x0000000780def100,0x0000000781700000)
  to   space 40448K, 0% used [0x000000077c800000,0x000000077c800000,0x000000077ef80000)
 ParOldGen       total 275456K, used 98541K [0x00000006c4200000, 0x00000006d4f00000, 0x000000076c100000)
  object space 275456K, 35% used [0x00000006c4200000,0x00000006ca23b508,0x00000006d4f00000)
 Metaspace       used 75688K, capacity 78042K, committed 78296K, reserved 1118208K
  class space    used 9459K, capacity 9909K, committed 9984K, reserved 1048576K
Event: 17169.248 GC heap after
Heap after GC invocations=20 (full 3):
 PSYoungGen      total 281088K, used 19262K [0x000000076c100000, 0x0000000780b80000, 0x00000007c0000000)
  eden space 261632K, 0% used [0x000000076c100000,0x000000076c100000,0x000000077c080000)
  from space 19456K, 99% used [0x000000077c800000,0x000000077dacf950,0x000000077db00000)
  to   space 38400K, 0% used [0x000000077e600000,0x000000077e600000,0x0000000780b80000)
 ParOldGen       total 275456K, used 98549K [0x00000006c4200000, 0x00000006d4f00000, 0x000000076c100000)
  object space 275456K, 35% used [0x00000006c4200000,0x00000006ca23d508,0x00000006d4f00000)
 Metaspace       used 75688K, capacity 78042K, committed 78296K, reserved 1118208K
  class space    used 9459K, capacity 9909K, committed 9984K, reserved 1048576K
}
Event: 27281.467 GC heap before
{Heap before GC invocations=21 (full 3):
 PSYoungGen      total 281088K, used 280888K [0x000000076c100000, 0x0000000780b80000, 0x00000007c0000000)
  eden space 261632K, 99% used [0x000000076c100000,0x000000077c07e988,0x000000077c080000)
  from space 19456K, 99% used [0x000000077c800000,0x000000077dacf950,0x000000077db00000)
  to   space 38400K, 0% used [0x000000077e600000,0x000000077e600000,0x0000000780b80000)
 ParOldGen       total 275456K, used 98549K [0x00000006c4200000, 0x00000006d4f00000, 0x000000076c100000)
  object space 275456K, 35% used [0x00000006c4200000,0x00000006ca23d508,0x00000006d4f00000)
 Metaspace       used 75766K, capacity 78170K, committed 78296K, reserved 1118208K
  class space    used 9459K, capacity 9909K, committed 9984K, reserved 1048576K
Event: 27281.491 GC heap after
Heap after GC invocations=21 (full 3):
 PSYoungGen      total 282624K, used 19999K [0x000000076c100000, 0x0000000780180000, 0x00000007c0000000)
  eden space 254464K, 0% used [0x000000076c100000,0x000000076c100000,0x000000077b980000)
  from space 28160K, 71% used [0x000000077e600000,0x000000077f987f38,0x0000000780180000)
  to   space 36864K, 0% used [0x000000077b980000,0x000000077b980000,0x000000077dd80000)
 ParOldGen       total 275456K, used 98557K [0x00000006c4200000, 0x00000006d4f00000, 0x000000076c100000)
  object space 275456K, 35% used [0x00000006c4200000,0x00000006ca23f508,0x00000006d4f00000)
 Metaspace       used 75766K, capacity 78170K, committed 78296K, reserved 1118208K
  class space    used 9459K, capacity 9909K, committed 9984K, reserved 1048576K
}

