# JRE version: Java(TM) SE Runtime Environment (8.0_261-b12) (build 1.8.0_261-b12)
# Java VM: Java HotSpot(TM) 64-Bit Server VM (25.261-b12 mixed mode windows-amd64 compressed oops)
Heap:
 PSYoungGen      total 316416K, used 156596K [0x000000076c100000, 0x0000000782200000, 0x00000007c0000000)
  eden space 285696K, 47% used [0x000000076c100000,0x00000007745c0de8,0x000000077d800000)
  from space 30720K, 67% used [0x0000000780400000,0x000000078182c450,0x0000000782200000)
  to   space 37888K, 0% used [0x000000077d800000,0x000000077d800000,0x000000077fd00000)
 ParOldGen       total 275456K, used 147040K [0x00000006c4200000, 0x00000006d4f00000, 0x000000076c100000)
  object space 275456K, 53% used [0x00000006c4200000,0x00000006cd1983d8,0x00000006d4f00000)
 Metaspace       used 75359K, capacity 77800K, committed 77972K, reserved 1118208K
  class space    used 9415K, capacity 9846K, committed 9916K, reserved 1048576K
GC Heap History (10 events):
Event: 24454.977 GC heap before
{Heap before GC invocations=25 (full 3):
 PSYoungGen      total 335360K, used 334896K [0x000000076c100000, 0x0000000784200000, 0x00000007c0000000)
  eden space 331776K, 100% used [0x000000076c100000,0x0000000780500000,0x0000000780500000)
  from space 3584K, 87% used [0x0000000780f00000,0x000000078120c010,0x0000000781280000)
  to   space 31232K, 0% used [0x0000000782380000,0x0000000782380000,0x0000000784200000)
 ParOldGen       total 275456K, used 135331K [0x00000006c4200000, 0x00000006d4f00000, 0x000000076c100000)
  object space 275456K, 49% used [0x00000006c4200000,0x00000006cc628dd8,0x00000006d4f00000)
 Metaspace       used 75147K, capacity 77570K, committed 77716K, reserved 1118208K
  class space    used 9394K, capacity 9839K, committed 9916K, reserved 1048576K
Event: 24455.019 GC heap after
Heap after GC invocations=25 (full 3):
 PSYoungGen      total 350720K, used 25931K [0x000000076c100000, 0x0000000784000000, 0x00000007c0000000)
  eden space 321536K, 0% used [0x000000076c100000,0x000000076c100000,0x000000077fb00000)
  from space 29184K, 88% used [0x0000000782380000,0x0000000783cd2c20,0x0000000784000000)
  to   space 35328K, 0% used [0x000000077fb00000,0x000000077fb00000,0x0000000781d80000)
 ParOldGen       total 275456K, used 147008K [0x00000006c4200000, 0x00000006d4f00000, 0x000000076c100000)
  object space 275456K, 53% used [0x00000006c4200000,0x00000006cd1903d8,0x00000006d4f00000)
 Metaspace       used 75147K, capacity 77570K, committed 77716K, reserved 1118208K
  class space    used 9394K, capacity 9839K, committed 9916K, reserved 1048576K
}
Event: 26383.530 GC heap before
{Heap before GC invocations=26 (full 3):
 PSYoungGen      total 350720K, used 347467K [0x000000076c100000, 0x0000000784000000, 0x00000007c0000000)
  eden space 321536K, 100% used [0x000000076c100000,0x000000077fb00000,0x000000077fb00000)
  from space 29184K, 88% used [0x0000000782380000,0x0000000783cd2c20,0x0000000784000000)
  to   space 35328K, 0% used [0x000000077fb00000,0x000000077fb00000,0x0000000781d80000)
 ParOldGen       total 275456K, used 147008K [0x00000006c4200000, 0x00000006d4f00000, 0x000000076c100000)
  object space 275456K, 53% used [0x00000006c4200000,0x00000006cd1903d8,0x00000006d4f00000)
 Metaspace       used 75188K, capacity 77658K, committed 77972K, reserved 1118208K
  class space    used 9401K, capacity 9843K, committed 9916K, reserved 1048576K
Event: 26383.543 GC heap after
Heap after GC invocations=26 (full 3):
 PSYoungGen      total 314880K, used 2576K [0x000000076c100000, 0x0000000783480000, 0x00000007c0000000)
  eden space 311808K, 0% used [0x000000076c100000,0x000000076c100000,0x000000077f180000)
  from space 3072K, 83% used [0x000000077fb00000,0x000000077fd84010,0x000000077fe00000)
  to   space 34304K, 0% used [0x0000000781300000,0x0000000781300000,0x0000000783480000)
 ParOldGen       total 275456K, used 147016K [0x00000006c4200000, 0x00000006d4f00000, 0x000000076c100000)
  object space 275456K, 53% used [0x00000006c4200000,0x00000006cd1923d8,0x00000006d4f00000)
 Metaspace       used 75188K, capacity 77658K, committed 77972K, reserved 1118208K
  class space    used 9401K, capacity 9843K, committed 9916K, reserved 1048576K
}
Event: 28120.444 GC heap before
{Heap before GC invocations=27 (full 3):
 PSYoungGen      total 314880K, used 314384K [0x000000076c100000, 0x0000000783480000, 0x00000007c0000000)
  eden space 311808K, 100% used [0x000000076c100000,0x000000077f180000,0x000000077f180000)
  from space 3072K, 83% used [0x000000077fb00000,0x000000077fd84010,0x000000077fe00000)
  to   space 34304K, 0% used [0x0000000781300000,0x0000000781300000,0x0000000783480000)
 ParOldGen       total 275456K, used 147016K [0x00000006c4200000, 0x00000006d4f00000, 0x000000076c100000)
  object space 275456K, 53% used [0x00000006c4200000,0x00000006cd1923d8,0x00000006d4f00000)
 Metaspace       used 75196K, capacity 77666K, committed 77972K, reserved 1118208K
  class space    used 9402K, capacity 9845K, committed 9916K, reserved 1048576K
Event: 28120.483 GC heap after
Heap after GC invocations=27 (full 3):
 PSYoungGen      total 334848K, used 26860K [0x000000076c100000, 0x0000000783280000, 0x00000007c0000000)
  eden space 302592K, 0% used [0x000000076c100000,0x000000076c100000,0x000000077e880000)
  from space 32256K, 83% used [0x0000000781300000,0x0000000782d3b050,0x0000000783280000)
  to   space 37888K, 0% used [0x000000077e880000,0x000000077e880000,0x0000000780d80000)
 ParOldGen       total 275456K, used 147024K [0x00000006c4200000, 0x00000006d4f00000, 0x000000076c100000)
  object space 275456K, 53% used [0x00000006c4200000,0x00000006cd1943d8,0x00000006d4f00000)
 Metaspace       used 75196K, capacity 77666K, committed 77972K, reserved 1118208K
  class space    used 9402K, capacity 9845K, committed 9916K, reserved 1048576K
}
Event: 31062.048 GC heap before
{Heap before GC invocations=28 (full 3):
 PSYoungGen      total 334848K, used 329452K [0x000000076c100000, 0x0000000783280000, 0x00000007c0000000)
  eden space 302592K, 100% used [0x000000076c100000,0x000000077e880000,0x000000077e880000)
  from space 32256K, 83% used [0x0000000781300000,0x0000000782d3b050,0x0000000783280000)
  to   space 37888K, 0% used [0x000000077e880000,0x000000077e880000,0x0000000780d80000)
 ParOldGen       total 275456K, used 147024K [0x00000006c4200000, 0x00000006d4f00000, 0x000000076c100000)
  object space 275456K, 53% used [0x00000006c4200000,0x00000006cd1943d8,0x00000006d4f00000)
 Metaspace       used 75222K, capacity 77666K, committed 77972K, reserved 1118208K
  class space    used 9403K, capacity 9845K, committed 9916K, reserved 1048576K
Event: 31062.081 GC heap after
Heap after GC invocations=28 (full 3):
 PSYoungGen      total 296960K, used 2896K [0x000000076c100000, 0x0000000782800000, 0x00000007c0000000)
  eden space 293888K, 0% used [0x000000076c100000,0x000000076c100000,0x000000077e000000)
  from space 3072K, 94% used [0x000000077e880000,0x000000077eb54010,0x000000077eb80000)
  to   space 36864K, 0% used [0x0000000780400000,0x0000000780400000,0x0000000782800000)
 ParOldGen       total 275456K, used 147032K [0x00000006c4200000, 0x00000006d4f00000, 0x000000076c100000)
  object space 275456K, 53% used [0x00000006c4200000,0x00000006cd1963d8,0x00000006d4f00000)
 Metaspace       used 75222K, capacity 77666K, committed 77972K, reserved 1118208K
  class space    used 9403K, capacity 9845K, committed 9916K, reserved 1048576K
}
Event: 33074.684 GC heap before
{Heap before GC invocations=29 (full 3):
 PSYoungGen      total 296960K, used 296172K [0x000000076c100000, 0x0000000782800000, 0x00000007c0000000)
  eden space 293888K, 99% used [0x000000076c100000,0x000000077df67038,0x000000077e000000)
  from space 3072K, 94% used [0x000000077e880000,0x000000077eb54010,0x000000077eb80000)
  to   space 36864K, 0% used [0x0000000780400000,0x0000000780400000,0x0000000782800000)
 ParOldGen       total 275456K, used 147032K [0x00000006c4200000, 0x00000006d4f00000, 0x000000076c100000)
  object space 275456K, 53% used [0x00000006c4200000,0x00000006cd1963d8,0x00000006d4f00000)
 Metaspace       used 75282K, capacity 77730K, committed 77972K, reserved 1118208K
  class space    used 9403K, capacity 9845K, committed 9916K, reserved 1048576K
Event: 33074.720 GC heap after
Heap after GC invocations=29 (full 3):
 PSYoungGen      total 316416K, used 20657K [0x000000076c100000, 0x0000000782200000, 0x00000007c0000000)
  eden space 285696K, 0% used [0x000000076c100000,0x000000076c100000,0x000000077d800000)
  from space 30720K, 67% used [0x0000000780400000,0x000000078182c450,0x0000000782200000)
  to   space 37888K, 0% used [0x000000077d800000,0x000000077d800000,0x000000077fd00000)
 ParOldGen       total 275456K, used 147040K [0x00000006c4200000, 0x00000006d4f00000, 0x000000076c100000)
  object space 275456K, 53% used [0x00000006c4200000,0x00000006cd1983d8,0x00000006d4f00000)
 Metaspace       used 75282K, capacity 77730K, committed 77972K, reserved 1118208K
  class space    used 9403K, capacity 9845K, committed 9916K, reserved 1048576K
}

