# JRE version: Java(TM) SE Runtime Environment (8.0_261-b12) (build 1.8.0_261-b12)
# Java VM: Java HotSpot(TM) 64-Bit Server VM (25.261-b12 mixed mode windows-amd64 compressed oops)
Heap:
 PSYoungGen      total 108544K, used 49906K [0x000000076c100000, 0x0000000777180000, 0x00000007c0000000)
  eden space 107008K, 45% used [0x000000076c100000,0x000000076f064b60,0x0000000772980000)
  from space 1536K, 89% used [0x0000000772b00000,0x0000000772c58000,0x0000000772c80000)
  to   space 36864K, 0% used [0x0000000774d80000,0x0000000774d80000,0x0000000777180000)
 ParOldGen       total 268288K, used 216470K [0x00000006c4200000, 0x00000006d4800000, 0x000000076c100000)
  object space 268288K, 80% used [0x00000006c4200000,0x00000006d1565978,0x00000006d4800000)
 Metaspace       used 76208K, capacity 78614K, committed 78888K, reserved 1118208K
  class space    used 9529K, capacity 9958K, committed 10032K, reserved 1048576K
GC Heap History (10 events):
Event: 40639.051 GC heap before
{Heap before GC invocations=52 (full 3):
 PSYoungGen      total 154624K, used 116063K [0x000000076c100000, 0x0000000778080000, 0x00000007c0000000)
  eden space 116224K, 99% used [0x000000076c100000,0x0000000773197f30,0x0000000773280000)
  from space 38400K, 2% used [0x0000000775b00000,0x0000000775bc0000,0x0000000778080000)
  to   space 39936K, 0% used [0x0000000773280000,0x0000000773280000,0x0000000775980000)
 ParOldGen       total 268288K, used 216246K [0x00000006c4200000, 0x00000006d4800000, 0x000000076c100000)
  object space 268288K, 80% used [0x00000006c4200000,0x00000006d152d928,0x00000006d4800000)
 Metaspace       used 76047K, capacity 78486K, committed 78632K, reserved 1118208K
  class space    used 9528K, capacity 9958K, committed 10032K, reserved 1048576K
Event: 40639.068 GC heap after
Heap after GC invocations=52 (full 3):
 PSYoungGen      total 115200K, used 960K [0x000000076c100000, 0x0000000777e80000, 0x00000007c0000000)
  eden space 114176K, 0% used [0x000000076c100000,0x000000076c100000,0x0000000773080000)
  from space 1024K, 93% used [0x0000000773280000,0x0000000773370000,0x0000000773380000)
  to   space 39936K, 0% used [0x0000000775780000,0x0000000775780000,0x0000000777e80000)
 ParOldGen       total 268288K, used 216270K [0x00000006c4200000, 0x00000006d4800000, 0x000000076c100000)
  object space 268288K, 80% used [0x00000006c4200000,0x00000006d1533928,0x00000006d4800000)
 Metaspace       used 76047K, capacity 78486K, committed 78632K, reserved 1118208K
  class space    used 9528K, capacity 9958K, committed 10032K, reserved 1048576K
}
Event: 42692.803 GC heap before
{Heap before GC invocations=53 (full 3):
 PSYoungGen      total 115200K, used 115134K [0x000000076c100000, 0x0000000777e80000, 0x00000007c0000000)
  eden space 114176K, 99% used [0x000000076c100000,0x000000077307fad8,0x0000000773080000)
  from space 1024K, 93% used [0x0000000773280000,0x0000000773370000,0x0000000773380000)
  to   space 39936K, 0% used [0x0000000775780000,0x0000000775780000,0x0000000777e80000)
 ParOldGen       total 268288K, used 216270K [0x00000006c4200000, 0x00000006d4800000, 0x000000076c100000)
  object space 268288K, 80% used [0x00000006c4200000,0x00000006d1533928,0x00000006d4800000)
 Metaspace       used 76051K, capacity 78486K, committed 78632K, reserved 1118208K
  class space    used 9528K, capacity 9958K, committed 10032K, reserved 1048576K
Event: 42692.822 GC heap after
Heap after GC invocations=53 (full 3):
 PSYoungGen      total 150016K, used 640K [0x000000076c100000, 0x0000000777c80000, 0x00000007c0000000)
  eden space 112128K, 0% used [0x000000076c100000,0x000000076c100000,0x0000000772e80000)
  from space 37888K, 1% used [0x0000000775780000,0x0000000775820000,0x0000000777c80000)
  to   space 39936K, 0% used [0x0000000772e80000,0x0000000772e80000,0x0000000775580000)
 ParOldGen       total 268288K, used 216350K [0x00000006c4200000, 0x00000006d4800000, 0x000000076c100000)
  object space 268288K, 80% used [0x00000006c4200000,0x00000006d1547968,0x00000006d4800000)
 Metaspace       used 76051K, capacity 78486K, committed 78632K, reserved 1118208K
  class space    used 9528K, capacity 9958K, committed 10032K, reserved 1048576K
}
Event: 46638.781 GC heap before
{Heap before GC invocations=54 (full 3):
 PSYoungGen      total 150016K, used 112768K [0x000000076c100000, 0x0000000777c80000, 0x00000007c0000000)
  eden space 112128K, 100% used [0x000000076c100000,0x0000000772e80000,0x0000000772e80000)
  from space 37888K, 1% used [0x0000000775780000,0x0000000775820000,0x0000000777c80000)
  to   space 39936K, 0% used [0x0000000772e80000,0x0000000772e80000,0x0000000775580000)
 ParOldGen       total 268288K, used 216350K [0x00000006c4200000, 0x00000006d4800000, 0x000000076c100000)
  object space 268288K, 80% used [0x00000006c4200000,0x00000006d1547968,0x00000006d4800000)
 Metaspace       used 76199K, capacity 78614K, committed 78888K, reserved 1118208K
  class space    used 9528K, capacity 9958K, committed 10032K, reserved 1048576K
Event: 46638.799 GC heap after
Heap after GC invocations=54 (full 3):
 PSYoungGen      total 111616K, used 1120K [0x000000076c100000, 0x0000000777880000, 0x00000007c0000000)
  eden space 110080K, 0% used [0x000000076c100000,0x000000076c100000,0x0000000772c80000)
  from space 1536K, 72% used [0x0000000772e80000,0x0000000772f98000,0x0000000773000000)
  to   space 38912K, 0% used [0x0000000775280000,0x0000000775280000,0x0000000777880000)
 ParOldGen       total 268288K, used 216414K [0x00000006c4200000, 0x00000006d4800000, 0x000000076c100000)
  object space 268288K, 80% used [0x00000006c4200000,0x00000006d1557978,0x00000006d4800000)
 Metaspace       used 76199K, capacity 78614K, committed 78888K, reserved 1118208K
  class space    used 9528K, capacity 9958K, committed 10032K, reserved 1048576K
}
Event: 48126.566 GC heap before
{Heap before GC invocations=55 (full 3):
 PSYoungGen      total 111616K, used 111200K [0x000000076c100000, 0x0000000777880000, 0x00000007c0000000)
  eden space 110080K, 100% used [0x000000076c100000,0x0000000772c80000,0x0000000772c80000)
  from space 1536K, 72% used [0x0000000772e80000,0x0000000772f98000,0x0000000773000000)
  to   space 38912K, 0% used [0x0000000775280000,0x0000000775280000,0x0000000777880000)
 ParOldGen       total 268288K, used 216414K [0x00000006c4200000, 0x00000006d4800000, 0x000000076c100000)
  object space 268288K, 80% used [0x00000006c4200000,0x00000006d1557978,0x00000006d4800000)
 Metaspace       used 76200K, capacity 78614K, committed 78888K, reserved 1118208K
  class space    used 9528K, capacity 9958K, committed 10032K, reserved 1048576K
Event: 48126.570 GC heap after
Heap after GC invocations=55 (full 3):
 PSYoungGen      total 143872K, used 736K [0x000000076c100000, 0x0000000777500000, 0x00000007c0000000)
  eden space 108544K, 0% used [0x000000076c100000,0x000000076c100000,0x0000000772b00000)
  from space 35328K, 2% used [0x0000000775280000,0x0000000775338000,0x0000000777500000)
  to   space 37888K, 0% used [0x0000000772b00000,0x0000000772b00000,0x0000000775000000)
 ParOldGen       total 268288K, used 216454K [0x00000006c4200000, 0x00000006d4800000, 0x000000076c100000)
  object space 268288K, 80% used [0x00000006c4200000,0x00000006d1561978,0x00000006d4800000)
 Metaspace       used 76200K, capacity 78614K, committed 78888K, reserved 1118208K
  class space    used 9528K, capacity 9958K, committed 10032K, reserved 1048576K
}
Event: 49730.175 GC heap before
{Heap before GC invocations=56 (full 3):
 PSYoungGen      total 143872K, used 109280K [0x000000076c100000, 0x0000000777500000, 0x00000007c0000000)
  eden space 108544K, 100% used [0x000000076c100000,0x0000000772b00000,0x0000000772b00000)
  from space 35328K, 2% used [0x0000000775280000,0x0000000775338000,0x0000000777500000)
  to   space 37888K, 0% used [0x0000000772b00000,0x0000000772b00000,0x0000000775000000)
 ParOldGen       total 268288K, used 216454K [0x00000006c4200000, 0x00000006d4800000, 0x000000076c100000)
  object space 268288K, 80% used [0x00000006c4200000,0x00000006d1561978,0x00000006d4800000)
 Metaspace       used 76200K, capacity 78614K, committed 78888K, reserved 1118208K
  class space    used 9528K, capacity 9958K, committed 10032K, reserved 1048576K
Event: 49730.194 GC heap after
Heap after GC invocations=56 (full 3):
 PSYoungGen      total 108544K, used 1376K [0x000000076c100000, 0x0000000777180000, 0x00000007c0000000)
  eden space 107008K, 0% used [0x000000076c100000,0x000000076c100000,0x0000000772980000)
  from space 1536K, 89% used [0x0000000772b00000,0x0000000772c58000,0x0000000772c80000)
  to   space 36864K, 0% used [0x0000000774d80000,0x0000000774d80000,0x0000000777180000)
 ParOldGen       total 268288K, used 216470K [0x00000006c4200000, 0x00000006d4800000, 0x000000076c100000)
  object space 268288K, 80% used [0x00000006c4200000,0x00000006d1565978,0x00000006d4800000)
 Metaspace       used 76200K, capacity 78614K, committed 78888K, reserved 1118208K
  class space    used 9528K, capacity 9958K, committed 10032K, reserved 1048576K
}

