# JRE version: Java(TM) SE Runtime Environment (8.0_261-b12) (build 1.8.0_261-b12)
# Java VM: Java HotSpot(TM) 64-Bit Server VM (25.261-b12 mixed mode windows-amd64 compressed oops)
Heap:
 PSYoungGen      total 209920K, used 147043K [0x000000076c100000, 0x000000077b400000, 0x00000007c0000000)
  eden space 177152K, 68% used [0x000000076c100000,0x0000000773727260,0x0000000776e00000)
  from space 32768K, 79% used [0x0000000779200000,0x000000077ab71a48,0x000000077b200000)
  to   space 35840K, 0% used [0x0000000776e00000,0x0000000776e00000,0x0000000779100000)
 ParOldGen       total 266240K, used 163264K [0x00000006c4200000, 0x00000006d4600000, 0x000000076c100000)
  object space 266240K, 61% used [0x00000006c4200000,0x00000006ce1701a0,0x00000006d4600000)
 Metaspace       used 75653K, capacity 78144K, committed 78376K, reserved 1118208K
  class space    used 9484K, capacity 9915K, committed 10032K, reserved 1048576K
GC Heap History (10 events):
Event: 26913.674 GC heap before
{Heap before GC invocations=31 (full 3):
 PSYoungGen      total 202240K, used 201190K [0x000000076c100000, 0x000000077c580000, 0x00000007c0000000)
  eden space 200192K, 99% used [0x000000076c100000,0x00000007783cdb68,0x0000000778480000)
  from space 2048K, 83% used [0x0000000778980000,0x0000000778b2bca0,0x0000000778b80000)
  to   space 33280K, 0% used [0x000000077a500000,0x000000077a500000,0x000000077c580000)
 ParOldGen       total 266240K, used 162872K [0x00000006c4200000, 0x00000006d4600000, 0x000000076c100000)
  object space 266240K, 61% used [0x00000006c4200000,0x00000006ce10e160,0x00000006d4600000)
 Metaspace       used 75439K, capacity 77840K, committed 77992K, reserved 1118208K
  class space    used 9450K, capacity 9870K, committed 9904K, reserved 1048576K
Event: 26913.696 GC heap after
Heap after GC invocations=31 (full 3):
 PSYoungGen      total 221184K, used 15908K [0x000000076c100000, 0x000000077be80000, 0x00000007c0000000)
  eden space 195072K, 0% used [0x000000076c100000,0x000000076c100000,0x0000000777f80000)
  from space 26112K, 60% used [0x000000077a500000,0x000000077b489040,0x000000077be80000)
  to   space 32256K, 0% used [0x0000000777f80000,0x0000000777f80000,0x0000000779f00000)
 ParOldGen       total 266240K, used 162936K [0x00000006c4200000, 0x00000006d4600000, 0x000000076c100000)
  object space 266240K, 61% used [0x00000006c4200000,0x00000006ce11e160,0x00000006d4600000)
 Metaspace       used 75439K, capacity 77840K, committed 77992K, reserved 1118208K
  class space    used 9450K, capacity 9870K, committed 9904K, reserved 1048576K
}
Event: 27272.322 GC heap before
{Heap before GC invocations=32 (full 3):
 PSYoungGen      total 221184K, used 210980K [0x000000076c100000, 0x000000077be80000, 0x00000007c0000000)
  eden space 195072K, 100% used [0x000000076c100000,0x0000000777f80000,0x0000000777f80000)
  from space 26112K, 60% used [0x000000077a500000,0x000000077b489040,0x000000077be80000)
  to   space 32256K, 0% used [0x0000000777f80000,0x0000000777f80000,0x0000000779f00000)
 ParOldGen       total 266240K, used 162936K [0x00000006c4200000, 0x00000006d4600000, 0x000000076c100000)
  object space 266240K, 61% used [0x00000006c4200000,0x00000006ce11e160,0x00000006d4600000)
 Metaspace       used 75441K, capacity 77846K, committed 77992K, reserved 1118208K
  class space    used 9450K, capacity 9871K, committed 9904K, reserved 1048576K
Event: 27272.327 GC heap after
Heap after GC invocations=32 (full 3):
 PSYoungGen      total 192000K, used 1312K [0x000000076c100000, 0x000000077bb00000, 0x00000007c0000000)
  eden space 190464K, 0% used [0x000000076c100000,0x000000076c100000,0x0000000777b00000)
  from space 1536K, 85% used [0x0000000777f80000,0x00000007780c8000,0x0000000778100000)
  to   space 32768K, 0% used [0x0000000779b00000,0x0000000779b00000,0x000000077bb00000)
 ParOldGen       total 266240K, used 163072K [0x00000006c4200000, 0x00000006d4600000, 0x000000076c100000)
  object space 266240K, 61% used [0x00000006c4200000,0x00000006ce140170,0x00000006d4600000)
 Metaspace       used 75441K, capacity 77846K, committed 77992K, reserved 1118208K
  class space    used 9450K, capacity 9871K, committed 9904K, reserved 1048576K
}
Event: 28421.170 GC heap before
{Heap before GC invocations=33 (full 3):
 PSYoungGen      total 192000K, used 188711K [0x000000076c100000, 0x000000077bb00000, 0x00000007c0000000)
  eden space 190464K, 98% used [0x000000076c100000,0x0000000777801f38,0x0000000777b00000)
  from space 1536K, 85% used [0x0000000777f80000,0x00000007780c8000,0x0000000778100000)
  to   space 32768K, 0% used [0x0000000779b00000,0x0000000779b00000,0x000000077bb00000)
 ParOldGen       total 266240K, used 163072K [0x00000006c4200000, 0x00000006d4600000, 0x000000076c100000)
  object space 266240K, 61% used [0x00000006c4200000,0x00000006ce140170,0x00000006d4600000)
 Metaspace       used 75441K, capacity 77846K, committed 77992K, reserved 1118208K
  class space    used 9450K, capacity 9871K, committed 9904K, reserved 1048576K
Event: 28421.198 GC heap after
Heap after GC invocations=33 (full 3):
 PSYoungGen      total 212992K, used 1408K [0x000000076c100000, 0x000000077b580000, 0x00000007c0000000)
  eden space 185856K, 0% used [0x000000076c100000,0x000000076c100000,0x0000000777680000)
  from space 27136K, 5% used [0x0000000779b00000,0x0000000779c60000,0x000000077b580000)
  to   space 32256K, 0% used [0x0000000777680000,0x0000000777680000,0x0000000779600000)
 ParOldGen       total 266240K, used 163128K [0x00000006c4200000, 0x00000006d4600000, 0x000000076c100000)
  object space 266240K, 61% used [0x00000006c4200000,0x00000006ce14e180,0x00000006d4600000)
 Metaspace       used 75441K, capacity 77846K, committed 77992K, reserved 1118208K
  class space    used 9450K, capacity 9871K, committed 9904K, reserved 1048576K
}
Event: 31001.358 GC heap before
{Heap before GC invocations=34 (full 3):
 PSYoungGen      total 212992K, used 184397K [0x000000076c100000, 0x000000077b580000, 0x00000007c0000000)
  eden space 185856K, 98% used [0x000000076c100000,0x00000007773b37a0,0x0000000777680000)
  from space 27136K, 5% used [0x0000000779b00000,0x0000000779c60000,0x000000077b580000)
  to   space 32256K, 0% used [0x0000000777680000,0x0000000777680000,0x0000000779600000)
 ParOldGen       total 266240K, used 163128K [0x00000006c4200000, 0x00000006d4600000, 0x000000076c100000)
  object space 266240K, 61% used [0x00000006c4200000,0x00000006ce14e180,0x00000006d4600000)
 Metaspace       used 75443K, capacity 77846K, committed 77992K, reserved 1118208K
  class space    used 9450K, capacity 9871K, committed 9904K, reserved 1048576K
Event: 31001.401 GC heap after
Heap after GC invocations=34 (full 3):
 PSYoungGen      total 199168K, used 17578K [0x000000076c100000, 0x000000077b200000, 0x00000007c0000000)
  eden space 181248K, 0% used [0x000000076c100000,0x000000076c100000,0x0000000777200000)
  from space 17920K, 98% used [0x0000000777680000,0x00000007787aa938,0x0000000778800000)
  to   space 32768K, 0% used [0x0000000779200000,0x0000000779200000,0x000000077b200000)
 ParOldGen       total 266240K, used 163224K [0x00000006c4200000, 0x00000006d4600000, 0x000000076c100000)
  object space 266240K, 61% used [0x00000006c4200000,0x00000006ce1661a0,0x00000006d4600000)
 Metaspace       used 75443K, capacity 77846K, committed 77992K, reserved 1118208K
  class space    used 9450K, capacity 9871K, committed 9904K, reserved 1048576K
}
Event: 32081.860 GC heap before
{Heap before GC invocations=35 (full 3):
 PSYoungGen      total 199168K, used 198826K [0x000000076c100000, 0x000000077b200000, 0x00000007c0000000)
  eden space 181248K, 100% used [0x000000076c100000,0x0000000777200000,0x0000000777200000)
  from space 17920K, 98% used [0x0000000777680000,0x00000007787aa938,0x0000000778800000)
  to   space 32768K, 0% used [0x0000000779200000,0x0000000779200000,0x000000077b200000)
 ParOldGen       total 266240K, used 163224K [0x00000006c4200000, 0x00000006d4600000, 0x000000076c100000)
  object space 266240K, 61% used [0x00000006c4200000,0x00000006ce1661a0,0x00000006d4600000)
 Metaspace       used 75474K, capacity 77910K, committed 77992K, reserved 1118208K
  class space    used 9454K, capacity 9871K, committed 9904K, reserved 1048576K
Event: 32081.902 GC heap after
Heap after GC invocations=35 (full 3):
 PSYoungGen      total 209920K, used 26054K [0x000000076c100000, 0x000000077b400000, 0x00000007c0000000)
  eden space 177152K, 0% used [0x000000076c100000,0x000000076c100000,0x0000000776e00000)
  from space 32768K, 79% used [0x0000000779200000,0x000000077ab71a48,0x000000077b200000)
  to   space 35840K, 0% used [0x0000000776e00000,0x0000000776e00000,0x0000000779100000)
 ParOldGen       total 266240K, used 163264K [0x00000006c4200000, 0x00000006d4600000, 0x000000076c100000)
  object space 266240K, 61% used [0x00000006c4200000,0x00000006ce1701a0,0x00000006d4600000)
 Metaspace       used 75474K, capacity 77910K, committed 77992K, reserved 1118208K
  class space    used 9454K, capacity 9871K, committed 9904K, reserved 1048576K
}

