# JRE version: Java(TM) SE Runtime Environment (8.0_261-b12) (build 1.8.0_261-b12)
# Java VM: Java HotSpot(TM) 64-Bit Server VM (25.261-b12 mixed mode windows-amd64 compressed oops)
Heap:
 PSYoungGen      total 313856K, used 148503K [0x000000076c100000, 0x0000000782300000, 0x00000007c0000000)
  eden space 295936K, 44% used [0x000000076c100000,0x00000007740a94e8,0x000000077e200000)
  from space 17920K, 99% used [0x0000000781180000,0x00000007822dc8c0,0x0000000782300000)
  to   space 23552K, 0% used [0x000000077f500000,0x000000077f500000,0x0000000780c00000)
 ParOldGen       total 272896K, used 66255K [0x00000006c4200000, 0x00000006d4c80000, 0x000000076c100000)
  object space 272896K, 24% used [0x00000006c4200000,0x00000006c82b3f08,0x00000006d4c80000)
 Metaspace       used 71687K, capacity 73856K, committed 74260K, reserved 1114112K
  class space    used 9056K, capacity 9456K, committed 9532K, reserved 1048576K
GC Heap History (10 events):
Event: 27.330 GC heap before
{Heap before GC invocations=9 (full 2):
 PSYoungGen      total 148480K, used 135168K [0x000000076c100000, 0x0000000776700000, 0x00000007c0000000)
  eden space 135168K, 100% used [0x000000076c100000,0x0000000774500000,0x0000000774500000)
  from space 13312K, 0% used [0x0000000775480000,0x0000000775480000,0x0000000776180000)
  to   space 15872K, 0% used [0x0000000774500000,0x0000000774500000,0x0000000775480000)
 ParOldGen       total 169472K, used 19306K [0x00000006c4200000, 0x00000006ce780000, 0x000000076c100000)
  object space 169472K, 11% used [0x00000006c4200000,0x00000006c54dab58,0x00000006ce780000)
 Metaspace       used 37134K, capacity 38820K, committed 39000K, reserved 1083392K
  class space    used 4831K, capacity 5180K, committed 5248K, reserved 1048576K
Event: 27.446 GC heap after
Heap after GC invocations=9 (full 2):
 PSYoungGen      total 151040K, used 3755K [0x000000076c100000, 0x000000077c480000, 0x00000007c0000000)
  eden space 135168K, 0% used [0x000000076c100000,0x000000076c100000,0x0000000774500000)
  from space 15872K, 23% used [0x0000000774500000,0x00000007748aafb8,0x0000000775480000)
  to   space 16384K, 0% used [0x000000077b480000,0x000000077b480000,0x000000077c480000)
 ParOldGen       total 169472K, used 52082K [0x00000006c4200000, 0x00000006ce780000, 0x000000076c100000)
  object space 169472K, 30% used [0x00000006c4200000,0x00000006c74dcb68,0x00000006ce780000)
 Metaspace       used 37134K, capacity 38820K, committed 39000K, reserved 1083392K
  class space    used 4831K, capacity 5180K, committed 5248K, reserved 1048576K
}
Event: 29.972 GC heap before
{Heap before GC invocations=10 (full 2):
 PSYoungGen      total 151040K, used 138923K [0x000000076c100000, 0x000000077c480000, 0x00000007c0000000)
  eden space 135168K, 100% used [0x000000076c100000,0x0000000774500000,0x0000000774500000)
  from space 15872K, 23% used [0x0000000774500000,0x00000007748aafb8,0x0000000775480000)
  to   space 16384K, 0% used [0x000000077b480000,0x000000077b480000,0x000000077c480000)
 ParOldGen       total 169472K, used 52082K [0x00000006c4200000, 0x00000006ce780000, 0x000000076c100000)
  object space 169472K, 30% used [0x00000006c4200000,0x00000006c74dcb68,0x00000006ce780000)
 Metaspace       used 46071K, capacity 48246K, committed 48600K, reserved 1091584K
  class space    used 5882K, capacity 6301K, committed 6400K, reserved 1048576K
Event: 30.004 GC heap after
Heap after GC invocations=10 (full 2):
 PSYoungGen      total 246272K, used 13665K [0x000000076c100000, 0x000000077c480000, 0x00000007c0000000)
  eden space 229888K, 0% used [0x000000076c100000,0x000000076c100000,0x000000077a180000)
  from space 16384K, 83% used [0x000000077b480000,0x000000077c1d86c0,0x000000077c480000)
  to   space 17920K, 0% used [0x000000077a180000,0x000000077a180000,0x000000077b300000)
 ParOldGen       total 169472K, used 52109K [0x00000006c4200000, 0x00000006ce780000, 0x000000076c100000)
  object space 169472K, 30% used [0x00000006c4200000,0x00000006c74e3798,0x00000006ce780000)
 Metaspace       used 46071K, capacity 48246K, committed 48600K, reserved 1091584K
  class space    used 5882K, capacity 6301K, committed 6400K, reserved 1048576K
}
Event: 32.905 GC heap before
{Heap before GC invocations=11 (full 2):
 PSYoungGen      total 246272K, used 203332K [0x000000076c100000, 0x000000077c480000, 0x00000007c0000000)
  eden space 229888K, 82% used [0x000000076c100000,0x0000000777a38b80,0x000000077a180000)
  from space 16384K, 83% used [0x000000077b480000,0x000000077c1d86c0,0x000000077c480000)
  to   space 17920K, 0% used [0x000000077a180000,0x000000077a180000,0x000000077b300000)
 ParOldGen       total 169472K, used 52109K [0x00000006c4200000, 0x00000006ce780000, 0x000000076c100000)
  object space 169472K, 30% used [0x00000006c4200000,0x00000006c74e3798,0x00000006ce780000)
 Metaspace       used 56678K, capacity 58800K, committed 59028K, reserved 1101824K
  class space    used 7163K, capacity 7554K, committed 7612K, reserved 1048576K
Event: 32.933 GC heap after
Heap after GC invocations=11 (full 2):
 PSYoungGen      total 247808K, used 17893K [0x000000076c100000, 0x0000000782700000, 0x00000007c0000000)
  eden space 229888K, 0% used [0x000000076c100000,0x000000076c100000,0x000000077a180000)
  from space 17920K, 99% used [0x000000077a180000,0x000000077b2f9748,0x000000077b300000)
  to   space 22016K, 0% used [0x0000000781180000,0x0000000781180000,0x0000000782700000)
 ParOldGen       total 169472K, used 55726K [0x00000006c4200000, 0x00000006ce780000, 0x000000076c100000)
  object space 169472K, 32% used [0x00000006c4200000,0x00000006c786b970,0x00000006ce780000)
 Metaspace       used 56678K, capacity 58800K, committed 59028K, reserved 1101824K
  class space    used 7163K, capacity 7554K, committed 7612K, reserved 1048576K
}
Event: 32.933 GC heap before
{Heap before GC invocations=12 (full 3):
 PSYoungGen      total 247808K, used 17893K [0x000000076c100000, 0x0000000782700000, 0x00000007c0000000)
  eden space 229888K, 0% used [0x000000076c100000,0x000000076c100000,0x000000077a180000)
  from space 17920K, 99% used [0x000000077a180000,0x000000077b2f9748,0x000000077b300000)
  to   space 22016K, 0% used [0x0000000781180000,0x0000000781180000,0x0000000782700000)
 ParOldGen       total 169472K, used 55726K [0x00000006c4200000, 0x00000006ce780000, 0x000000076c100000)
  object space 169472K, 32% used [0x00000006c4200000,0x00000006c786b970,0x00000006ce780000)
 Metaspace       used 56678K, capacity 58800K, committed 59028K, reserved 1101824K
  class space    used 7163K, capacity 7554K, committed 7612K, reserved 1048576K
Event: 33.133 GC heap after
Heap after GC invocations=12 (full 3):
 PSYoungGen      total 247808K, used 0K [0x000000076c100000, 0x0000000782700000, 0x00000007c0000000)
  eden space 229888K, 0% used [0x000000076c100000,0x000000076c100000,0x000000077a180000)
  from space 17920K, 0% used [0x000000077a180000,0x000000077a180000,0x000000077b300000)
  to   space 22016K, 0% used [0x0000000781180000,0x0000000781180000,0x0000000782700000)
 ParOldGen       total 272896K, used 66247K [0x00000006c4200000, 0x00000006d4c80000, 0x000000076c100000)
  object space 272896K, 24% used [0x00000006c4200000,0x00000006c82b1f08,0x00000006d4c80000)
 Metaspace       used 56678K, capacity 58800K, committed 59028K, reserved 1101824K
  class space    used 7163K, capacity 7554K, committed 7612K, reserved 1048576K
}
Event: 45.534 GC heap before
{Heap before GC invocations=13 (full 3):
 PSYoungGen      total 247808K, used 229888K [0x000000076c100000, 0x0000000782700000, 0x00000007c0000000)
  eden space 229888K, 100% used [0x000000076c100000,0x000000077a180000,0x000000077a180000)
  from space 17920K, 0% used [0x000000077a180000,0x000000077a180000,0x000000077b300000)
  to   space 22016K, 0% used [0x0000000781180000,0x0000000781180000,0x0000000782700000)
 ParOldGen       total 272896K, used 66247K [0x00000006c4200000, 0x00000006d4c80000, 0x000000076c100000)
  object space 272896K, 24% used [0x00000006c4200000,0x00000006c82b1f08,0x00000006d4c80000)
 Metaspace       used 66770K, capacity 68836K, committed 69268K, reserved 1110016K
  class space    used 8407K, capacity 8782K, committed 8892K, reserved 1048576K
Event: 45.561 GC heap after
Heap after GC invocations=13 (full 3):
 PSYoungGen      total 313856K, used 17778K [0x000000076c100000, 0x0000000782300000, 0x00000007c0000000)
  eden space 295936K, 0% used [0x000000076c100000,0x000000076c100000,0x000000077e200000)
  from space 17920K, 99% used [0x0000000781180000,0x00000007822dc8c0,0x0000000782300000)
  to   space 23552K, 0% used [0x000000077f500000,0x000000077f500000,0x0000000780c00000)
 ParOldGen       total 272896K, used 66255K [0x00000006c4200000, 0x00000006d4c80000, 0x000000076c100000)
  object space 272896K, 24% used [0x00000006c4200000,0x00000006c82b3f08,0x00000006d4c80000)
 Metaspace       used 66770K, capacity 68836K, committed 69268K, reserved 1110016K
  class space    used 8407K, capacity 8782K, committed 8892K, reserved 1048576K
}

