# JRE version: Java(TM) SE Runtime Environment (8.0_261-b12) (build 1.8.0_261-b12)
# Java VM: Java HotSpot(TM) 64-Bit Server VM (25.261-b12 mixed mode windows-amd64 compressed oops)
Heap:
 PSYoungGen      total 172544K, used 124744K [0x000000076c100000, 0x000000077bd00000, 0x00000007c0000000)
  eden space 171008K, 72% used [0x000000076c100000,0x00000007739ce1b8,0x0000000776800000)
  from space 1536K, 67% used [0x0000000776c00000,0x0000000776d04010,0x0000000776d80000)
  to   space 43520K, 0% used [0x0000000779280000,0x0000000779280000,0x000000077bd00000)
 ParOldGen       total 280064K, used 142885K [0x00000006c4200000, 0x00000006d5380000, 0x000000076c100000)
  object space 280064K, 51% used [0x00000006c4200000,0x00000006ccd89510,0x00000006d5380000)
 Metaspace       used 74795K, capacity 77178K, committed 77400K, reserved 1116160K
  class space    used 9389K, capacity 9827K, committed 9856K, reserved 1048576K
GC Heap History (10 events):
Event: 25962.837 GC heap before
{Heap before GC invocations=32 (full 3):
 PSYoungGen      total 233984K, used 192821K [0x000000076c100000, 0x000000077d880000, 0x00000007c0000000)
  eden space 192000K, 99% used [0x000000076c100000,0x0000000777c41590,0x0000000777c80000)
  from space 41984K, 2% used [0x000000077af80000,0x000000077b08c010,0x000000077d880000)
  to   space 47104K, 0% used [0x0000000777c80000,0x0000000777c80000,0x000000077aa80000)
 ParOldGen       total 280064K, used 142393K [0x00000006c4200000, 0x00000006d5380000, 0x000000076c100000)
  object space 280064K, 50% used [0x00000006c4200000,0x00000006ccd0e470,0x00000006d5380000)
 Metaspace       used 74533K, capacity 76890K, committed 77144K, reserved 1116160K
  class space    used 9360K, capacity 9795K, committed 9856K, reserved 1048576K
Event: 25962.848 GC heap after
Heap after GC invocations=32 (full 3):
 PSYoungGen      total 188928K, used 1200K [0x000000076c100000, 0x000000077d200000, 0x00000007c0000000)
  eden space 187392K, 0% used [0x000000076c100000,0x000000076c100000,0x0000000777800000)
  from space 1536K, 78% used [0x0000000777c80000,0x0000000777dac010,0x0000000777e00000)
  to   space 46080K, 0% used [0x000000077a500000,0x000000077a500000,0x000000077d200000)
 ParOldGen       total 280064K, used 142633K [0x00000006c4200000, 0x00000006d5380000, 0x000000076c100000)
  object space 280064K, 50% used [0x00000006c4200000,0x00000006ccd4a4a0,0x00000006d5380000)
 Metaspace       used 74533K, capacity 76890K, committed 77144K, reserved 1116160K
  class space    used 9360K, capacity 9795K, committed 9856K, reserved 1048576K
}
Event: 29781.771 GC heap before
{Heap before GC invocations=33 (full 3):
 PSYoungGen      total 188928K, used 188592K [0x000000076c100000, 0x000000077d200000, 0x00000007c0000000)
  eden space 187392K, 100% used [0x000000076c100000,0x0000000777800000,0x0000000777800000)
  from space 1536K, 78% used [0x0000000777c80000,0x0000000777dac010,0x0000000777e00000)
  to   space 46080K, 0% used [0x000000077a500000,0x000000077a500000,0x000000077d200000)
 ParOldGen       total 280064K, used 142633K [0x00000006c4200000, 0x00000006d5380000, 0x000000076c100000)
  object space 280064K, 50% used [0x00000006c4200000,0x00000006ccd4a4a0,0x00000006d5380000)
 Metaspace       used 74718K, capacity 77082K, committed 77400K, reserved 1116160K
  class space    used 9377K, capacity 9795K, committed 9856K, reserved 1048576K
Event: 29781.961 GC heap after
Heap after GC invocations=33 (full 3):
 PSYoungGen      total 222208K, used 2880K [0x000000076c100000, 0x000000077cb00000, 0x00000007c0000000)
  eden space 183296K, 0% used [0x000000076c100000,0x000000076c100000,0x0000000777400000)
  from space 38912K, 7% used [0x000000077a500000,0x000000077a7d0020,0x000000077cb00000)
  to   space 44544K, 0% used [0x0000000777400000,0x0000000777400000,0x0000000779f80000)
 ParOldGen       total 280064K, used 142717K [0x00000006c4200000, 0x00000006d5380000, 0x000000076c100000)
  object space 280064K, 50% used [0x00000006c4200000,0x00000006ccd5f4d0,0x00000006d5380000)
 Metaspace       used 74718K, capacity 77082K, committed 77400K, reserved 1116160K
  class space    used 9377K, capacity 9795K, committed 9856K, reserved 1048576K
}
Event: 30847.137 GC heap before
{Heap before GC invocations=34 (full 3):
 PSYoungGen      total 222208K, used 180790K [0x000000076c100000, 0x000000077cb00000, 0x00000007c0000000)
  eden space 183296K, 97% used [0x000000076c100000,0x0000000776ebd7e8,0x0000000777400000)
  from space 38912K, 7% used [0x000000077a500000,0x000000077a7d0020,0x000000077cb00000)
  to   space 44544K, 0% used [0x0000000777400000,0x0000000777400000,0x0000000779f80000)
 ParOldGen       total 280064K, used 142717K [0x00000006c4200000, 0x00000006d5380000, 0x000000076c100000)
  object space 280064K, 50% used [0x00000006c4200000,0x00000006ccd5f4d0,0x00000006d5380000)
 Metaspace       used 74720K, capacity 77082K, committed 77400K, reserved 1116160K
  class space    used 9377K, capacity 9795K, committed 9856K, reserved 1048576K
Event: 30847.183 GC heap after
Heap after GC invocations=34 (full 3):
 PSYoungGen      total 204288K, used 24950K [0x000000076c100000, 0x000000077ca00000, 0x00000007c0000000)
  eden space 179200K, 0% used [0x000000076c100000,0x000000076c100000,0x0000000777000000)
  from space 25088K, 99% used [0x0000000777400000,0x0000000778c5da78,0x0000000778c80000)
  to   space 46080K, 0% used [0x0000000779d00000,0x0000000779d00000,0x000000077ca00000)
 ParOldGen       total 280064K, used 142749K [0x00000006c4200000, 0x00000006d5380000, 0x000000076c100000)
  object space 280064K, 50% used [0x00000006c4200000,0x00000006ccd674d0,0x00000006d5380000)
 Metaspace       used 74720K, capacity 77082K, committed 77400K, reserved 1116160K
  class space    used 9377K, capacity 9795K, committed 9856K, reserved 1048576K
}
Event: 31244.489 GC heap before
{Heap before GC invocations=35 (full 3):
 PSYoungGen      total 204288K, used 195659K [0x000000076c100000, 0x000000077ca00000, 0x00000007c0000000)
  eden space 179200K, 95% used [0x000000076c100000,0x00000007767b5370,0x0000000777000000)
  from space 25088K, 99% used [0x0000000777400000,0x0000000778c5da78,0x0000000778c80000)
  to   space 46080K, 0% used [0x0000000779d00000,0x0000000779d00000,0x000000077ca00000)
 ParOldGen       total 280064K, used 142749K [0x00000006c4200000, 0x00000006d5380000, 0x000000076c100000)
  object space 280064K, 50% used [0x00000006c4200000,0x00000006ccd674d0,0x00000006d5380000)
 Metaspace       used 74720K, capacity 77082K, committed 77400K, reserved 1116160K
  class space    used 9377K, capacity 9795K, committed 9856K, reserved 1048576K
Event: 31244.492 GC heap after
Heap after GC invocations=35 (full 3):
 PSYoungGen      total 215040K, used 928K [0x000000076c100000, 0x000000077c400000, 0x00000007c0000000)
  eden space 175104K, 0% used [0x000000076c100000,0x000000076c100000,0x0000000776c00000)
  from space 39936K, 2% used [0x0000000779d00000,0x0000000779de8020,0x000000077c400000)
  to   space 45056K, 0% used [0x0000000776c00000,0x0000000776c00000,0x0000000779800000)
 ParOldGen       total 280064K, used 142805K [0x00000006c4200000, 0x00000006d5380000, 0x000000076c100000)
  object space 280064K, 50% used [0x00000006c4200000,0x00000006ccd754e0,0x00000006d5380000)
 Metaspace       used 74720K, capacity 77082K, committed 77400K, reserved 1116160K
  class space    used 9377K, capacity 9795K, committed 9856K, reserved 1048576K
}
Event: 32628.802 GC heap before
{Heap before GC invocations=36 (full 3):
 PSYoungGen      total 215040K, used 176032K [0x000000076c100000, 0x000000077c400000, 0x00000007c0000000)
  eden space 175104K, 100% used [0x000000076c100000,0x0000000776c00000,0x0000000776c00000)
  from space 39936K, 2% used [0x0000000779d00000,0x0000000779de8020,0x000000077c400000)
  to   space 45056K, 0% used [0x0000000776c00000,0x0000000776c00000,0x0000000779800000)
 ParOldGen       total 280064K, used 142805K [0x00000006c4200000, 0x00000006d5380000, 0x000000076c100000)
  object space 280064K, 50% used [0x00000006c4200000,0x00000006ccd754e0,0x00000006d5380000)
 Metaspace       used 74721K, capacity 77082K, committed 77400K, reserved 1116160K
  class space    used 9377K, capacity 9795K, committed 9856K, reserved 1048576K
Event: 32628.819 GC heap after
Heap after GC invocations=36 (full 3):
 PSYoungGen      total 172544K, used 1040K [0x000000076c100000, 0x000000077bd00000, 0x00000007c0000000)
  eden space 171008K, 0% used [0x000000076c100000,0x000000076c100000,0x0000000776800000)
  from space 1536K, 67% used [0x0000000776c00000,0x0000000776d04010,0x0000000776d80000)
  to   space 43520K, 0% used [0x0000000779280000,0x0000000779280000,0x000000077bd00000)
 ParOldGen       total 280064K, used 142885K [0x00000006c4200000, 0x00000006d5380000, 0x000000076c100000)
  object space 280064K, 51% used [0x00000006c4200000,0x00000006ccd89510,0x00000006d5380000)
 Metaspace       used 74721K, capacity 77082K, committed 77400K, reserved 1116160K
  class space    used 9377K, capacity 9795K, committed 9856K, reserved 1048576K
}

