# JRE version: Java(TM) SE Runtime Environment (8.0_261-b12) (build 1.8.0_261-b12)
# Java VM: Java HotSpot(TM) 64-Bit Server VM (25.261-b12 mixed mode windows-amd64 compressed oops)
Heap:
 PSYoungGen      total 316416K, used 67820K [0x000000076c100000, 0x0000000781d80000, 0x00000007c0000000)
  eden space 306688K, 18% used [0x000000076c100000,0x000000076f9de318,0x000000077ec80000)
  from space 9728K, 98% used [0x000000077f580000,0x000000077fedce08,0x000000077ff00000)
  to   space 25088K, 0% used [0x0000000780500000,0x0000000780500000,0x0000000781d80000)
 ParOldGen       total 269824K, used 156380K [0x00000006c4200000, 0x00000006d4980000, 0x000000076c100000)
  object space 269824K, 57% used [0x00000006c4200000,0x00000006cdab73b8,0x00000006d4980000)
 Metaspace       used 75373K, capacity 77736K, committed 77972K, reserved 1118208K
  class space    used 9422K, capacity 9836K, committed 9916K, reserved 1048576K
GC Heap History (10 events):
Event: 24591.909 GC heap before
{Heap before GC invocations=26 (full 3):
 PSYoungGen      total 373248K, used 373045K [0x000000076c100000, 0x0000000786080000, 0x00000007c0000000)
  eden space 357888K, 100% used [0x000000076c100000,0x0000000781e80000,0x0000000781e80000)
  from space 15360K, 98% used [0x0000000785180000,0x000000078604d560,0x0000000786080000)
  to   space 31744K, 0% used [0x0000000782280000,0x0000000782280000,0x0000000784180000)
 ParOldGen       total 269824K, used 156340K [0x00000006c4200000, 0x00000006d4980000, 0x000000076c100000)
  object space 269824K, 57% used [0x00000006c4200000,0x00000006cdaad3b8,0x00000006d4980000)
 Metaspace       used 75064K, capacity 77480K, committed 77716K, reserved 1118208K
  class space    used 9411K, capacity 9836K, committed 9916K, reserved 1048576K
Event: 24591.939 GC heap after
Heap after GC invocations=26 (full 3):
 PSYoungGen      total 356352K, used 9427K [0x000000076c100000, 0x0000000785200000, 0x00000007c0000000)
  eden space 346624K, 0% used [0x000000076c100000,0x000000076c100000,0x0000000781380000)
  from space 9728K, 96% used [0x0000000782280000,0x0000000782bb4e08,0x0000000782c00000)
  to   space 30208K, 0% used [0x0000000783480000,0x0000000783480000,0x0000000785200000)
 ParOldGen       total 269824K, used 156348K [0x00000006c4200000, 0x00000006d4980000, 0x000000076c100000)
  object space 269824K, 57% used [0x00000006c4200000,0x00000006cdaaf3b8,0x00000006d4980000)
 Metaspace       used 75064K, capacity 77480K, committed 77716K, reserved 1118208K
  class space    used 9411K, capacity 9836K, committed 9916K, reserved 1048576K
}
Event: 31015.842 GC heap before
{Heap before GC invocations=27 (full 3):
 PSYoungGen      total 356352K, used 356051K [0x000000076c100000, 0x0000000785200000, 0x00000007c0000000)
  eden space 346624K, 100% used [0x000000076c100000,0x0000000781380000,0x0000000781380000)
  from space 9728K, 96% used [0x0000000782280000,0x0000000782bb4e08,0x0000000782c00000)
  to   space 30208K, 0% used [0x0000000783480000,0x0000000783480000,0x0000000785200000)
 ParOldGen       total 269824K, used 156348K [0x00000006c4200000, 0x00000006d4980000, 0x000000076c100000)
  object space 269824K, 57% used [0x00000006c4200000,0x00000006cdaaf3b8,0x00000006d4980000)
 Metaspace       used 75222K, capacity 77608K, committed 77972K, reserved 1118208K
  class space    used 9415K, capacity 9836K, committed 9916K, reserved 1048576K
Event: 31015.873 GC heap after
Heap after GC invocations=27 (full 3):
 PSYoungGen      total 349696K, used 13423K [0x000000076c100000, 0x0000000784200000, 0x00000007c0000000)
  eden space 335872K, 0% used [0x000000076c100000,0x000000076c100000,0x0000000780900000)
  from space 13824K, 97% used [0x0000000783480000,0x000000078419bdb0,0x0000000784200000)
  to   space 29184K, 0% used [0x0000000780900000,0x0000000780900000,0x0000000782580000)
 ParOldGen       total 269824K, used 156356K [0x00000006c4200000, 0x00000006d4980000, 0x000000076c100000)
  object space 269824K, 57% used [0x00000006c4200000,0x00000006cdab13b8,0x00000006d4980000)
 Metaspace       used 75222K, capacity 77608K, committed 77972K, reserved 1118208K
  class space    used 9415K, capacity 9836K, committed 9916K, reserved 1048576K
}
Event: 36882.544 GC heap before
{Heap before GC invocations=28 (full 3):
 PSYoungGen      total 349696K, used 349295K [0x000000076c100000, 0x0000000784200000, 0x00000007c0000000)
  eden space 335872K, 100% used [0x000000076c100000,0x0000000780900000,0x0000000780900000)
  from space 13824K, 97% used [0x0000000783480000,0x000000078419bdb0,0x0000000784200000)
  to   space 29184K, 0% used [0x0000000780900000,0x0000000780900000,0x0000000782580000)
 ParOldGen       total 269824K, used 156356K [0x00000006c4200000, 0x00000006d4980000, 0x000000076c100000)
  object space 269824K, 57% used [0x00000006c4200000,0x00000006cdab13b8,0x00000006d4980000)
 Metaspace       used 75319K, capacity 77672K, committed 77972K, reserved 1118208K
  class space    used 9417K, capacity 9836K, committed 9916K, reserved 1048576K
Event: 36882.571 GC heap after
Heap after GC invocations=28 (full 3):
 PSYoungGen      total 335872K, used 10115K [0x000000076c100000, 0x0000000783500000, 0x00000007c0000000)
  eden space 325632K, 0% used [0x000000076c100000,0x000000076c100000,0x000000077ff00000)
  from space 10240K, 98% used [0x0000000780900000,0x00000007812e0df8,0x0000000781300000)
  to   space 27648K, 0% used [0x0000000781a00000,0x0000000781a00000,0x0000000783500000)
 ParOldGen       total 269824K, used 156364K [0x00000006c4200000, 0x00000006d4980000, 0x000000076c100000)
  object space 269824K, 57% used [0x00000006c4200000,0x00000006cdab33b8,0x00000006d4980000)
 Metaspace       used 75319K, capacity 77672K, committed 77972K, reserved 1118208K
  class space    used 9417K, capacity 9836K, committed 9916K, reserved 1048576K
}
Event: 45070.156 GC heap before
{Heap before GC invocations=29 (full 3):
 PSYoungGen      total 335872K, used 335226K [0x000000076c100000, 0x0000000783500000, 0x00000007c0000000)
  eden space 325632K, 99% used [0x000000076c100000,0x000000077fe7db20,0x000000077ff00000)
  from space 10240K, 98% used [0x0000000780900000,0x00000007812e0df8,0x0000000781300000)
  to   space 27648K, 0% used [0x0000000781a00000,0x0000000781a00000,0x0000000783500000)
 ParOldGen       total 269824K, used 156364K [0x00000006c4200000, 0x00000006d4980000, 0x000000076c100000)
  object space 269824K, 57% used [0x00000006c4200000,0x00000006cdab33b8,0x00000006d4980000)
 Metaspace       used 75323K, capacity 77672K, committed 77972K, reserved 1118208K
  class space    used 9417K, capacity 9836K, committed 9916K, reserved 1048576K
Event: 45070.180 GC heap after
Heap after GC invocations=29 (full 3):
 PSYoungGen      total 330752K, used 10531K [0x000000076c100000, 0x0000000782880000, 0x00000007c0000000)
  eden space 315904K, 0% used [0x000000076c100000,0x000000076c100000,0x000000077f580000)
  from space 14848K, 70% used [0x0000000781a00000,0x0000000782448e18,0x0000000782880000)
  to   space 26112K, 0% used [0x000000077f580000,0x000000077f580000,0x0000000780f00000)
 ParOldGen       total 269824K, used 156372K [0x00000006c4200000, 0x00000006d4980000, 0x000000076c100000)
  object space 269824K, 57% used [0x00000006c4200000,0x00000006cdab53b8,0x00000006d4980000)
 Metaspace       used 75323K, capacity 77672K, committed 77972K, reserved 1118208K
  class space    used 9417K, capacity 9836K, committed 9916K, reserved 1048576K
}
Event: 49093.890 GC heap before
{Heap before GC invocations=30 (full 3):
 PSYoungGen      total 330752K, used 326435K [0x000000076c100000, 0x0000000782880000, 0x00000007c0000000)
  eden space 315904K, 100% used [0x000000076c100000,0x000000077f580000,0x000000077f580000)
  from space 14848K, 70% used [0x0000000781a00000,0x0000000782448e18,0x0000000782880000)
  to   space 26112K, 0% used [0x000000077f580000,0x000000077f580000,0x0000000780f00000)
 ParOldGen       total 269824K, used 156372K [0x00000006c4200000, 0x00000006d4980000, 0x000000076c100000)
  object space 269824K, 57% used [0x00000006c4200000,0x00000006cdab53b8,0x00000006d4980000)
 Metaspace       used 75366K, capacity 77736K, committed 77972K, reserved 1118208K
  class space    used 9420K, capacity 9836K, committed 9916K, reserved 1048576K
Event: 49093.910 GC heap after
Heap after GC invocations=30 (full 3):
 PSYoungGen      total 316416K, used 9587K [0x000000076c100000, 0x0000000781d80000, 0x00000007c0000000)
  eden space 306688K, 0% used [0x000000076c100000,0x000000076c100000,0x000000077ec80000)
  from space 9728K, 98% used [0x000000077f580000,0x000000077fedce08,0x000000077ff00000)
  to   space 25088K, 0% used [0x0000000780500000,0x0000000780500000,0x0000000781d80000)
 ParOldGen       total 269824K, used 156380K [0x00000006c4200000, 0x00000006d4980000, 0x000000076c100000)
  object space 269824K, 57% used [0x00000006c4200000,0x00000006cdab73b8,0x00000006d4980000)
 Metaspace       used 75366K, capacity 77736K, committed 77972K, reserved 1118208K
  class space    used 9420K, capacity 9836K, committed 9916K, reserved 1048576K
}

